0 info it worked if it ends with ok
1 verbose cli [ '/usr/bin/node', '/usr/bin/npm', 'install', '--production' ]
2 info using npm@1.4.28
3 info using node@v0.10.38
4 verbose node symlink /usr/bin/node
5 verbose readDependencies using package.json deps
6 verbose install where, deps [ '/home/vagrant/krcle',
6 verbose install   [ 'bcryptjs',
6 verbose install     'bluebird',
6 verbose install     'body-parser',
6 verbose install     'bookshelf',
6 verbose install     'busboy',
6 verbose install     'cheerio',
6 verbose install     'colors',
6 verbose install     'compression',
6 verbose install     'connect-slashes',
6 verbose install     'downsize',
6 verbose install     'express',
6 verbose install     'express-hbs',
6 verbose install     'extract-zip',
6 verbose install     'fs-extra',
6 verbose install     'glob',
6 verbose install     'html-to-text',
6 verbose install     'knex',
6 verbose install     'lodash',
6 verbose install     'moment',
6 verbose install     'morgan',
6 verbose install     'node-uuid',
6 verbose install     'nodemailer',
6 verbose install     'oauth2orize',
6 verbose install     'passport',
6 verbose install     'passport-http-bearer',
6 verbose install     'passport-oauth2-client-password',
6 verbose install     'path-match',
6 verbose install     'request',
6 verbose install     'rss',
6 verbose install     'semver',
6 verbose install     'showdown-ghost',
6 verbose install     'sqlite3',
6 verbose install     'unidecode',
6 verbose install     'validator',
6 verbose install     'xml',
6 verbose install     'mysql',
6 verbose install     'pg' ] ]
7 info preinstall ghost@0.6.2
8 warn package.json express-session@1.0.4 No description
9 warn package.json showdown@0.3.2-ghost No description
10 verbose readDependencies using package.json deps
11 verbose cache add [ 'extract-zip@1.0.3', null ]
12 verbose cache add name=undefined spec="extract-zip@1.0.3" args=["extract-zip@1.0.3",null]
13 verbose parsed url { protocol: null,
13 verbose parsed url   slashes: null,
13 verbose parsed url   auth: null,
13 verbose parsed url   host: null,
13 verbose parsed url   port: null,
13 verbose parsed url   hostname: null,
13 verbose parsed url   hash: null,
13 verbose parsed url   search: null,
13 verbose parsed url   query: null,
13 verbose parsed url   pathname: 'extract-zip@1.0.3',
13 verbose parsed url   path: 'extract-zip@1.0.3',
13 verbose parsed url   href: 'extract-zip@1.0.3' }
14 verbose cache add [ 'fs-extra@0.13.0', null ]
15 verbose cache add name=undefined spec="fs-extra@0.13.0" args=["fs-extra@0.13.0",null]
16 verbose parsed url { protocol: null,
16 verbose parsed url   slashes: null,
16 verbose parsed url   auth: null,
16 verbose parsed url   host: null,
16 verbose parsed url   port: null,
16 verbose parsed url   hostname: null,
16 verbose parsed url   hash: null,
16 verbose parsed url   search: null,
16 verbose parsed url   query: null,
16 verbose parsed url   pathname: 'fs-extra@0.13.0',
16 verbose parsed url   path: 'fs-extra@0.13.0',
16 verbose parsed url   href: 'fs-extra@0.13.0' }
17 verbose cache add [ 'glob@4.3.2', null ]
18 verbose cache add name=undefined spec="glob@4.3.2" args=["glob@4.3.2",null]
19 verbose parsed url { protocol: null,
19 verbose parsed url   slashes: null,
19 verbose parsed url   auth: null,
19 verbose parsed url   host: null,
19 verbose parsed url   port: null,
19 verbose parsed url   hostname: null,
19 verbose parsed url   hash: null,
19 verbose parsed url   search: null,
19 verbose parsed url   query: null,
19 verbose parsed url   pathname: 'glob@4.3.2',
19 verbose parsed url   path: 'glob@4.3.2',
19 verbose parsed url   href: 'glob@4.3.2' }
20 verbose cache add [ 'html-to-text@1.2.0', null ]
21 verbose cache add name=undefined spec="html-to-text@1.2.0" args=["html-to-text@1.2.0",null]
22 verbose parsed url { protocol: null,
22 verbose parsed url   slashes: null,
22 verbose parsed url   auth: null,
22 verbose parsed url   host: null,
22 verbose parsed url   port: null,
22 verbose parsed url   hostname: null,
22 verbose parsed url   hash: null,
22 verbose parsed url   search: null,
22 verbose parsed url   query: null,
22 verbose parsed url   pathname: 'html-to-text@1.2.0',
22 verbose parsed url   path: 'html-to-text@1.2.0',
22 verbose parsed url   href: 'html-to-text@1.2.0' }
23 verbose cache add [ 'knex@0.7.3', null ]
24 verbose cache add name=undefined spec="knex@0.7.3" args=["knex@0.7.3",null]
25 verbose parsed url { protocol: null,
25 verbose parsed url   slashes: null,
25 verbose parsed url   auth: null,
25 verbose parsed url   host: null,
25 verbose parsed url   port: null,
25 verbose parsed url   hostname: null,
25 verbose parsed url   hash: null,
25 verbose parsed url   search: null,
25 verbose parsed url   query: null,
25 verbose parsed url   pathname: 'knex@0.7.3',
25 verbose parsed url   path: 'knex@0.7.3',
25 verbose parsed url   href: 'knex@0.7.3' }
26 verbose already installed skipping lodash@2.4.1 /home/vagrant/krcle
27 verbose cache add name="extract-zip" spec="1.0.3" args=["extract-zip","1.0.3"]
28 verbose parsed url { protocol: null,
28 verbose parsed url   slashes: null,
28 verbose parsed url   auth: null,
28 verbose parsed url   host: null,
28 verbose parsed url   port: null,
28 verbose parsed url   hostname: null,
28 verbose parsed url   hash: null,
28 verbose parsed url   search: null,
28 verbose parsed url   query: null,
28 verbose parsed url   pathname: '1.0.3',
28 verbose parsed url   path: '1.0.3',
28 verbose parsed url   href: '1.0.3' }
29 verbose addNamed [ 'extract-zip', '1.0.3' ]
30 verbose addNamed [ '1.0.3', '1.0.3' ]
31 verbose cache add name="fs-extra" spec="0.13.0" args=["fs-extra","0.13.0"]
32 verbose parsed url { protocol: null,
32 verbose parsed url   slashes: null,
32 verbose parsed url   auth: null,
32 verbose parsed url   host: null,
32 verbose parsed url   port: null,
32 verbose parsed url   hostname: null,
32 verbose parsed url   hash: null,
32 verbose parsed url   search: null,
32 verbose parsed url   query: null,
32 verbose parsed url   pathname: '0.13.0',
32 verbose parsed url   path: '0.13.0',
32 verbose parsed url   href: '0.13.0' }
33 verbose addNamed [ 'fs-extra', '0.13.0' ]
34 verbose addNamed [ '0.13.0', '0.13.0' ]
35 verbose cache add name="glob" spec="4.3.2" args=["glob","4.3.2"]
36 verbose parsed url { protocol: null,
36 verbose parsed url   slashes: null,
36 verbose parsed url   auth: null,
36 verbose parsed url   host: null,
36 verbose parsed url   port: null,
36 verbose parsed url   hostname: null,
36 verbose parsed url   hash: null,
36 verbose parsed url   search: null,
36 verbose parsed url   query: null,
36 verbose parsed url   pathname: '4.3.2',
36 verbose parsed url   path: '4.3.2',
36 verbose parsed url   href: '4.3.2' }
37 verbose addNamed [ 'glob', '4.3.2' ]
38 verbose addNamed [ '4.3.2', '4.3.2' ]
39 verbose cache add name="html-to-text" spec="1.2.0" args=["html-to-text","1.2.0"]
40 verbose parsed url { protocol: null,
40 verbose parsed url   slashes: null,
40 verbose parsed url   auth: null,
40 verbose parsed url   host: null,
40 verbose parsed url   port: null,
40 verbose parsed url   hostname: null,
40 verbose parsed url   hash: null,
40 verbose parsed url   search: null,
40 verbose parsed url   query: null,
40 verbose parsed url   pathname: '1.2.0',
40 verbose parsed url   path: '1.2.0',
40 verbose parsed url   href: '1.2.0' }
41 verbose addNamed [ 'html-to-text', '1.2.0' ]
42 verbose addNamed [ '1.2.0', '1.2.0' ]
43 verbose cache add name="knex" spec="0.7.3" args=["knex","0.7.3"]
44 verbose parsed url { protocol: null,
44 verbose parsed url   slashes: null,
44 verbose parsed url   auth: null,
44 verbose parsed url   host: null,
44 verbose parsed url   port: null,
44 verbose parsed url   hostname: null,
44 verbose parsed url   hash: null,
44 verbose parsed url   search: null,
44 verbose parsed url   query: null,
44 verbose parsed url   pathname: '0.7.3',
44 verbose parsed url   path: '0.7.3',
44 verbose parsed url   href: '0.7.3' }
45 verbose addNamed [ 'knex', '0.7.3' ]
46 verbose addNamed [ '0.7.3', '0.7.3' ]
47 verbose cache add [ 'moment@2.8.3', null ]
48 verbose cache add name=undefined spec="moment@2.8.3" args=["moment@2.8.3",null]
49 verbose parsed url { protocol: null,
49 verbose parsed url   slashes: null,
49 verbose parsed url   auth: null,
49 verbose parsed url   host: null,
49 verbose parsed url   port: null,
49 verbose parsed url   hostname: null,
49 verbose parsed url   hash: null,
49 verbose parsed url   search: null,
49 verbose parsed url   query: null,
49 verbose parsed url   pathname: 'moment@2.8.3',
49 verbose parsed url   path: 'moment@2.8.3',
49 verbose parsed url   href: 'moment@2.8.3' }
50 verbose cache add [ 'morgan@1.5.0', null ]
51 verbose cache add name=undefined spec="morgan@1.5.0" args=["morgan@1.5.0",null]
52 verbose parsed url { protocol: null,
52 verbose parsed url   slashes: null,
52 verbose parsed url   auth: null,
52 verbose parsed url   host: null,
52 verbose parsed url   port: null,
52 verbose parsed url   hostname: null,
52 verbose parsed url   hash: null,
52 verbose parsed url   search: null,
52 verbose parsed url   query: null,
52 verbose parsed url   pathname: 'morgan@1.5.0',
52 verbose parsed url   path: 'morgan@1.5.0',
52 verbose parsed url   href: 'morgan@1.5.0' }
53 verbose cache add [ 'node-uuid@1.4.2', null ]
54 verbose cache add name=undefined spec="node-uuid@1.4.2" args=["node-uuid@1.4.2",null]
55 verbose parsed url { protocol: null,
55 verbose parsed url   slashes: null,
55 verbose parsed url   auth: null,
55 verbose parsed url   host: null,
55 verbose parsed url   port: null,
55 verbose parsed url   hostname: null,
55 verbose parsed url   hash: null,
55 verbose parsed url   search: null,
55 verbose parsed url   query: null,
55 verbose parsed url   pathname: 'node-uuid@1.4.2',
55 verbose parsed url   path: 'node-uuid@1.4.2',
55 verbose parsed url   href: 'node-uuid@1.4.2' }
56 verbose cache add [ 'nodemailer@0.7.1', null ]
57 verbose cache add name=undefined spec="nodemailer@0.7.1" args=["nodemailer@0.7.1",null]
58 verbose parsed url { protocol: null,
58 verbose parsed url   slashes: null,
58 verbose parsed url   auth: null,
58 verbose parsed url   host: null,
58 verbose parsed url   port: null,
58 verbose parsed url   hostname: null,
58 verbose parsed url   hash: null,
58 verbose parsed url   search: null,
58 verbose parsed url   query: null,
58 verbose parsed url   pathname: 'nodemailer@0.7.1',
58 verbose parsed url   path: 'nodemailer@0.7.1',
58 verbose parsed url   href: 'nodemailer@0.7.1' }
59 verbose already installed skipping oauth2orize@1.0.1 /home/vagrant/krcle
60 verbose cache add [ 'passport@0.2.1', null ]
61 verbose cache add name=undefined spec="passport@0.2.1" args=["passport@0.2.1",null]
62 verbose parsed url { protocol: null,
62 verbose parsed url   slashes: null,
62 verbose parsed url   auth: null,
62 verbose parsed url   host: null,
62 verbose parsed url   port: null,
62 verbose parsed url   hostname: null,
62 verbose parsed url   hash: null,
62 verbose parsed url   search: null,
62 verbose parsed url   query: null,
62 verbose parsed url   pathname: 'passport@0.2.1',
62 verbose parsed url   path: 'passport@0.2.1',
62 verbose parsed url   href: 'passport@0.2.1' }
63 verbose already installed skipping passport-http-bearer@1.0.1 /home/vagrant/krcle
64 verbose cache add [ 'passport-oauth2-client-password@0.1.2', null ]
65 verbose cache add name=undefined spec="passport-oauth2-client-password@0.1.2" args=["passport-oauth2-client-password@0.1.2",null]
66 verbose parsed url { protocol: null,
66 verbose parsed url   slashes: null,
66 verbose parsed url   auth: null,
66 verbose parsed url   host: null,
66 verbose parsed url   port: null,
66 verbose parsed url   hostname: null,
66 verbose parsed url   hash: null,
66 verbose parsed url   search: null,
66 verbose parsed url   query: null,
66 verbose parsed url   pathname: 'passport-oauth2-client-password@0.1.2',
66 verbose parsed url   path: 'passport-oauth2-client-password@0.1.2',
66 verbose parsed url   href: 'passport-oauth2-client-password@0.1.2' }
67 verbose cache add [ 'path-match@1.2.2', null ]
68 verbose cache add name=undefined spec="path-match@1.2.2" args=["path-match@1.2.2",null]
69 verbose parsed url { protocol: null,
69 verbose parsed url   slashes: null,
69 verbose parsed url   auth: null,
69 verbose parsed url   host: null,
69 verbose parsed url   port: null,
69 verbose parsed url   hostname: null,
69 verbose parsed url   hash: null,
69 verbose parsed url   search: null,
69 verbose parsed url   query: null,
69 verbose parsed url   pathname: 'path-match@1.2.2',
69 verbose parsed url   path: 'path-match@1.2.2',
69 verbose parsed url   href: 'path-match@1.2.2' }
70 verbose cache add [ 'request@2.51.0', null ]
71 verbose cache add name=undefined spec="request@2.51.0" args=["request@2.51.0",null]
72 verbose parsed url { protocol: null,
72 verbose parsed url   slashes: null,
72 verbose parsed url   auth: null,
72 verbose parsed url   host: null,
72 verbose parsed url   port: null,
72 verbose parsed url   hostname: null,
72 verbose parsed url   hash: null,
72 verbose parsed url   search: null,
72 verbose parsed url   query: null,
72 verbose parsed url   pathname: 'request@2.51.0',
72 verbose parsed url   path: 'request@2.51.0',
72 verbose parsed url   href: 'request@2.51.0' }
73 verbose cache add [ 'rss@1.1.1', null ]
74 verbose cache add name=undefined spec="rss@1.1.1" args=["rss@1.1.1",null]
75 verbose parsed url { protocol: null,
75 verbose parsed url   slashes: null,
75 verbose parsed url   auth: null,
75 verbose parsed url   host: null,
75 verbose parsed url   port: null,
75 verbose parsed url   hostname: null,
75 verbose parsed url   hash: null,
75 verbose parsed url   search: null,
75 verbose parsed url   query: null,
75 verbose parsed url   pathname: 'rss@1.1.1',
75 verbose parsed url   path: 'rss@1.1.1',
75 verbose parsed url   href: 'rss@1.1.1' }
76 verbose cache add [ 'semver@4.3.3', null ]
77 verbose cache add name=undefined spec="semver@4.3.3" args=["semver@4.3.3",null]
78 verbose parsed url { protocol: null,
78 verbose parsed url   slashes: null,
78 verbose parsed url   auth: null,
78 verbose parsed url   host: null,
78 verbose parsed url   port: null,
78 verbose parsed url   hostname: null,
78 verbose parsed url   hash: null,
78 verbose parsed url   search: null,
78 verbose parsed url   query: null,
78 verbose parsed url   pathname: 'semver@4.3.3',
78 verbose parsed url   path: 'semver@4.3.3',
78 verbose parsed url   href: 'semver@4.3.3' }
79 verbose cache add [ 'showdown-ghost@0.3.6', null ]
80 verbose cache add name=undefined spec="showdown-ghost@0.3.6" args=["showdown-ghost@0.3.6",null]
81 verbose parsed url { protocol: null,
81 verbose parsed url   slashes: null,
81 verbose parsed url   auth: null,
81 verbose parsed url   host: null,
81 verbose parsed url   port: null,
81 verbose parsed url   hostname: null,
81 verbose parsed url   hash: null,
81 verbose parsed url   search: null,
81 verbose parsed url   query: null,
81 verbose parsed url   pathname: 'showdown-ghost@0.3.6',
81 verbose parsed url   path: 'showdown-ghost@0.3.6',
81 verbose parsed url   href: 'showdown-ghost@0.3.6' }
82 verbose cache add [ 'sqlite3@3.0.5', null ]
83 verbose cache add name=undefined spec="sqlite3@3.0.5" args=["sqlite3@3.0.5",null]
84 verbose parsed url { protocol: null,
84 verbose parsed url   slashes: null,
84 verbose parsed url   auth: null,
84 verbose parsed url   host: null,
84 verbose parsed url   port: null,
84 verbose parsed url   hostname: null,
84 verbose parsed url   hash: null,
84 verbose parsed url   search: null,
84 verbose parsed url   query: null,
84 verbose parsed url   pathname: 'sqlite3@3.0.5',
84 verbose parsed url   path: 'sqlite3@3.0.5',
84 verbose parsed url   href: 'sqlite3@3.0.5' }
85 verbose already installed skipping unidecode@0.1.3 /home/vagrant/krcle
86 verbose cache add [ 'validator@3.28.0', null ]
87 verbose cache add name=undefined spec="validator@3.28.0" args=["validator@3.28.0",null]
88 verbose parsed url { protocol: null,
88 verbose parsed url   slashes: null,
88 verbose parsed url   auth: null,
88 verbose parsed url   host: null,
88 verbose parsed url   port: null,
88 verbose parsed url   hostname: null,
88 verbose parsed url   hash: null,
88 verbose parsed url   search: null,
88 verbose parsed url   query: null,
88 verbose parsed url   pathname: 'validator@3.28.0',
88 verbose parsed url   path: 'validator@3.28.0',
88 verbose parsed url   href: 'validator@3.28.0' }
89 verbose cache add [ 'xml@1.0.0', null ]
90 verbose cache add name=undefined spec="xml@1.0.0" args=["xml@1.0.0",null]
91 verbose parsed url { protocol: null,
91 verbose parsed url   slashes: null,
91 verbose parsed url   auth: null,
91 verbose parsed url   host: null,
91 verbose parsed url   port: null,
91 verbose parsed url   hostname: null,
91 verbose parsed url   hash: null,
91 verbose parsed url   search: null,
91 verbose parsed url   query: null,
91 verbose parsed url   pathname: 'xml@1.0.0',
91 verbose parsed url   path: 'xml@1.0.0',
91 verbose parsed url   href: 'xml@1.0.0' }
92 verbose already installed skipping mysql@2.1.1 /home/vagrant/krcle
93 verbose cache add [ 'pg@4.1.1', null ]
94 verbose cache add name=undefined spec="pg@4.1.1" args=["pg@4.1.1",null]
95 verbose parsed url { protocol: null,
95 verbose parsed url   slashes: null,
95 verbose parsed url   auth: null,
95 verbose parsed url   host: null,
95 verbose parsed url   port: null,
95 verbose parsed url   hostname: null,
95 verbose parsed url   hash: null,
95 verbose parsed url   search: null,
95 verbose parsed url   query: null,
95 verbose parsed url   pathname: 'pg@4.1.1',
95 verbose parsed url   path: 'pg@4.1.1',
95 verbose parsed url   href: 'pg@4.1.1' }
96 verbose cache add [ 'bcryptjs@2.0.2', null ]
97 verbose cache add name=undefined spec="bcryptjs@2.0.2" args=["bcryptjs@2.0.2",null]
98 verbose parsed url { protocol: null,
98 verbose parsed url   slashes: null,
98 verbose parsed url   auth: null,
98 verbose parsed url   host: null,
98 verbose parsed url   port: null,
98 verbose parsed url   hostname: null,
98 verbose parsed url   hash: null,
98 verbose parsed url   search: null,
98 verbose parsed url   query: null,
98 verbose parsed url   pathname: 'bcryptjs@2.0.2',
98 verbose parsed url   path: 'bcryptjs@2.0.2',
98 verbose parsed url   href: 'bcryptjs@2.0.2' }
99 silly lockFile 2a4dc43f-extract-zip-1-0-3 extract-zip@1.0.3
100 verbose lock extract-zip@1.0.3 /home/vagrant/.npm/2a4dc43f-extract-zip-1-0-3.lock
101 silly lockFile fe13d157-fs-extra-0-13-0 fs-extra@0.13.0
102 verbose lock fs-extra@0.13.0 /home/vagrant/.npm/fe13d157-fs-extra-0-13-0.lock
103 silly lockFile cbf464df-glob-4-3-2 glob@4.3.2
104 verbose lock glob@4.3.2 /home/vagrant/.npm/cbf464df-glob-4-3-2.lock
105 silly lockFile 1653d730-html-to-text-1-2-0 html-to-text@1.2.0
106 verbose lock html-to-text@1.2.0 /home/vagrant/.npm/1653d730-html-to-text-1-2-0.lock
107 silly lockFile c74436cc-knex-0-7-3 knex@0.7.3
108 verbose lock knex@0.7.3 /home/vagrant/.npm/c74436cc-knex-0-7-3.lock
109 verbose cache add name="moment" spec="2.8.3" args=["moment","2.8.3"]
110 verbose parsed url { protocol: null,
110 verbose parsed url   slashes: null,
110 verbose parsed url   auth: null,
110 verbose parsed url   host: null,
110 verbose parsed url   port: null,
110 verbose parsed url   hostname: null,
110 verbose parsed url   hash: null,
110 verbose parsed url   search: null,
110 verbose parsed url   query: null,
110 verbose parsed url   pathname: '2.8.3',
110 verbose parsed url   path: '2.8.3',
110 verbose parsed url   href: '2.8.3' }
111 verbose addNamed [ 'moment', '2.8.3' ]
112 verbose addNamed [ '2.8.3', '2.8.3' ]
113 silly lockFile 707ecd2d-moment-2-8-3 moment@2.8.3
114 verbose lock moment@2.8.3 /home/vagrant/.npm/707ecd2d-moment-2-8-3.lock
115 verbose cache add name="morgan" spec="1.5.0" args=["morgan","1.5.0"]
116 verbose parsed url { protocol: null,
116 verbose parsed url   slashes: null,
116 verbose parsed url   auth: null,
116 verbose parsed url   host: null,
116 verbose parsed url   port: null,
116 verbose parsed url   hostname: null,
116 verbose parsed url   hash: null,
116 verbose parsed url   search: null,
116 verbose parsed url   query: null,
116 verbose parsed url   pathname: '1.5.0',
116 verbose parsed url   path: '1.5.0',
116 verbose parsed url   href: '1.5.0' }
117 verbose addNamed [ 'morgan', '1.5.0' ]
118 verbose addNamed [ '1.5.0', '1.5.0' ]
119 silly lockFile 2a4cac9b-morgan-1-5-0 morgan@1.5.0
120 verbose lock morgan@1.5.0 /home/vagrant/.npm/2a4cac9b-morgan-1-5-0.lock
121 verbose cache add name="node-uuid" spec="1.4.2" args=["node-uuid","1.4.2"]
122 verbose parsed url { protocol: null,
122 verbose parsed url   slashes: null,
122 verbose parsed url   auth: null,
122 verbose parsed url   host: null,
122 verbose parsed url   port: null,
122 verbose parsed url   hostname: null,
122 verbose parsed url   hash: null,
122 verbose parsed url   search: null,
122 verbose parsed url   query: null,
122 verbose parsed url   pathname: '1.4.2',
122 verbose parsed url   path: '1.4.2',
122 verbose parsed url   href: '1.4.2' }
123 verbose addNamed [ 'node-uuid', '1.4.2' ]
124 verbose addNamed [ '1.4.2', '1.4.2' ]
125 silly lockFile 576d32ce-node-uuid-1-4-2 node-uuid@1.4.2
126 verbose lock node-uuid@1.4.2 /home/vagrant/.npm/576d32ce-node-uuid-1-4-2.lock
127 verbose cache add name="nodemailer" spec="0.7.1" args=["nodemailer","0.7.1"]
128 verbose parsed url { protocol: null,
128 verbose parsed url   slashes: null,
128 verbose parsed url   auth: null,
128 verbose parsed url   host: null,
128 verbose parsed url   port: null,
128 verbose parsed url   hostname: null,
128 verbose parsed url   hash: null,
128 verbose parsed url   search: null,
128 verbose parsed url   query: null,
128 verbose parsed url   pathname: '0.7.1',
128 verbose parsed url   path: '0.7.1',
128 verbose parsed url   href: '0.7.1' }
129 verbose addNamed [ 'nodemailer', '0.7.1' ]
130 verbose addNamed [ '0.7.1', '0.7.1' ]
131 silly lockFile 6823eb56-nodemailer-0-7-1 nodemailer@0.7.1
132 verbose lock nodemailer@0.7.1 /home/vagrant/.npm/6823eb56-nodemailer-0-7-1.lock
133 verbose cache add name="passport" spec="0.2.1" args=["passport","0.2.1"]
134 verbose parsed url { protocol: null,
134 verbose parsed url   slashes: null,
134 verbose parsed url   auth: null,
134 verbose parsed url   host: null,
134 verbose parsed url   port: null,
134 verbose parsed url   hostname: null,
134 verbose parsed url   hash: null,
134 verbose parsed url   search: null,
134 verbose parsed url   query: null,
134 verbose parsed url   pathname: '0.2.1',
134 verbose parsed url   path: '0.2.1',
134 verbose parsed url   href: '0.2.1' }
135 verbose addNamed [ 'passport', '0.2.1' ]
136 verbose addNamed [ '0.2.1', '0.2.1' ]
137 silly lockFile b563cf22-passport-0-2-1 passport@0.2.1
138 verbose lock passport@0.2.1 /home/vagrant/.npm/b563cf22-passport-0-2-1.lock
139 verbose cache add name="passport-oauth2-client-password" spec="0.1.2" args=["passport-oauth2-client-password","0.1.2"]
140 verbose parsed url { protocol: null,
140 verbose parsed url   slashes: null,
140 verbose parsed url   auth: null,
140 verbose parsed url   host: null,
140 verbose parsed url   port: null,
140 verbose parsed url   hostname: null,
140 verbose parsed url   hash: null,
140 verbose parsed url   search: null,
140 verbose parsed url   query: null,
140 verbose parsed url   pathname: '0.1.2',
140 verbose parsed url   path: '0.1.2',
140 verbose parsed url   href: '0.1.2' }
141 verbose addNamed [ 'passport-oauth2-client-password', '0.1.2' ]
142 verbose addNamed [ '0.1.2', '0.1.2' ]
143 silly lockFile 4c906db6-ort-oauth2-client-password-0-1-2 passport-oauth2-client-password@0.1.2
144 verbose lock passport-oauth2-client-password@0.1.2 /home/vagrant/.npm/4c906db6-ort-oauth2-client-password-0-1-2.lock
145 verbose cache add name="path-match" spec="1.2.2" args=["path-match","1.2.2"]
146 verbose parsed url { protocol: null,
146 verbose parsed url   slashes: null,
146 verbose parsed url   auth: null,
146 verbose parsed url   host: null,
146 verbose parsed url   port: null,
146 verbose parsed url   hostname: null,
146 verbose parsed url   hash: null,
146 verbose parsed url   search: null,
146 verbose parsed url   query: null,
146 verbose parsed url   pathname: '1.2.2',
146 verbose parsed url   path: '1.2.2',
146 verbose parsed url   href: '1.2.2' }
147 verbose addNamed [ 'path-match', '1.2.2' ]
148 verbose addNamed [ '1.2.2', '1.2.2' ]
149 silly lockFile 3b11cb21-path-match-1-2-2 path-match@1.2.2
150 verbose lock path-match@1.2.2 /home/vagrant/.npm/3b11cb21-path-match-1-2-2.lock
151 verbose cache add name="request" spec="2.51.0" args=["request","2.51.0"]
152 verbose parsed url { protocol: null,
152 verbose parsed url   slashes: null,
152 verbose parsed url   auth: null,
152 verbose parsed url   host: null,
152 verbose parsed url   port: null,
152 verbose parsed url   hostname: null,
152 verbose parsed url   hash: null,
152 verbose parsed url   search: null,
152 verbose parsed url   query: null,
152 verbose parsed url   pathname: '2.51.0',
152 verbose parsed url   path: '2.51.0',
152 verbose parsed url   href: '2.51.0' }
153 verbose addNamed [ 'request', '2.51.0' ]
154 verbose addNamed [ '2.51.0', '2.51.0' ]
155 silly lockFile 85707acc-request-2-51-0 request@2.51.0
156 verbose lock request@2.51.0 /home/vagrant/.npm/85707acc-request-2-51-0.lock
157 verbose cache add name="rss" spec="1.1.1" args=["rss","1.1.1"]
158 verbose parsed url { protocol: null,
158 verbose parsed url   slashes: null,
158 verbose parsed url   auth: null,
158 verbose parsed url   host: null,
158 verbose parsed url   port: null,
158 verbose parsed url   hostname: null,
158 verbose parsed url   hash: null,
158 verbose parsed url   search: null,
158 verbose parsed url   query: null,
158 verbose parsed url   pathname: '1.1.1',
158 verbose parsed url   path: '1.1.1',
158 verbose parsed url   href: '1.1.1' }
159 verbose addNamed [ 'rss', '1.1.1' ]
160 verbose addNamed [ '1.1.1', '1.1.1' ]
161 silly lockFile 0e808a02-rss-1-1-1 rss@1.1.1
162 verbose lock rss@1.1.1 /home/vagrant/.npm/0e808a02-rss-1-1-1.lock
163 verbose cache add name="semver" spec="4.3.3" args=["semver","4.3.3"]
164 verbose parsed url { protocol: null,
164 verbose parsed url   slashes: null,
164 verbose parsed url   auth: null,
164 verbose parsed url   host: null,
164 verbose parsed url   port: null,
164 verbose parsed url   hostname: null,
164 verbose parsed url   hash: null,
164 verbose parsed url   search: null,
164 verbose parsed url   query: null,
164 verbose parsed url   pathname: '4.3.3',
164 verbose parsed url   path: '4.3.3',
164 verbose parsed url   href: '4.3.3' }
165 verbose addNamed [ 'semver', '4.3.3' ]
166 verbose addNamed [ '4.3.3', '4.3.3' ]
167 silly lockFile 593e89d7-semver-4-3-3 semver@4.3.3
168 verbose lock semver@4.3.3 /home/vagrant/.npm/593e89d7-semver-4-3-3.lock
169 verbose cache add name="showdown-ghost" spec="0.3.6" args=["showdown-ghost","0.3.6"]
170 verbose parsed url { protocol: null,
170 verbose parsed url   slashes: null,
170 verbose parsed url   auth: null,
170 verbose parsed url   host: null,
170 verbose parsed url   port: null,
170 verbose parsed url   hostname: null,
170 verbose parsed url   hash: null,
170 verbose parsed url   search: null,
170 verbose parsed url   query: null,
170 verbose parsed url   pathname: '0.3.6',
170 verbose parsed url   path: '0.3.6',
170 verbose parsed url   href: '0.3.6' }
171 verbose addNamed [ 'showdown-ghost', '0.3.6' ]
172 verbose addNamed [ '0.3.6', '0.3.6' ]
173 silly lockFile 6b6d99cc-showdown-ghost-0-3-6 showdown-ghost@0.3.6
174 verbose lock showdown-ghost@0.3.6 /home/vagrant/.npm/6b6d99cc-showdown-ghost-0-3-6.lock
175 verbose cache add name="sqlite3" spec="3.0.5" args=["sqlite3","3.0.5"]
176 verbose parsed url { protocol: null,
176 verbose parsed url   slashes: null,
176 verbose parsed url   auth: null,
176 verbose parsed url   host: null,
176 verbose parsed url   port: null,
176 verbose parsed url   hostname: null,
176 verbose parsed url   hash: null,
176 verbose parsed url   search: null,
176 verbose parsed url   query: null,
176 verbose parsed url   pathname: '3.0.5',
176 verbose parsed url   path: '3.0.5',
176 verbose parsed url   href: '3.0.5' }
177 verbose addNamed [ 'sqlite3', '3.0.5' ]
178 verbose addNamed [ '3.0.5', '3.0.5' ]
179 silly lockFile 04db0617-sqlite3-3-0-5 sqlite3@3.0.5
180 verbose lock sqlite3@3.0.5 /home/vagrant/.npm/04db0617-sqlite3-3-0-5.lock
181 verbose cache add name="validator" spec="3.28.0" args=["validator","3.28.0"]
182 verbose parsed url { protocol: null,
182 verbose parsed url   slashes: null,
182 verbose parsed url   auth: null,
182 verbose parsed url   host: null,
182 verbose parsed url   port: null,
182 verbose parsed url   hostname: null,
182 verbose parsed url   hash: null,
182 verbose parsed url   search: null,
182 verbose parsed url   query: null,
182 verbose parsed url   pathname: '3.28.0',
182 verbose parsed url   path: '3.28.0',
182 verbose parsed url   href: '3.28.0' }
183 verbose addNamed [ 'validator', '3.28.0' ]
184 verbose addNamed [ '3.28.0', '3.28.0' ]
185 silly lockFile ebf17a3f-validator-3-28-0 validator@3.28.0
186 verbose lock validator@3.28.0 /home/vagrant/.npm/ebf17a3f-validator-3-28-0.lock
187 verbose cache add name="xml" spec="1.0.0" args=["xml","1.0.0"]
188 verbose parsed url { protocol: null,
188 verbose parsed url   slashes: null,
188 verbose parsed url   auth: null,
188 verbose parsed url   host: null,
188 verbose parsed url   port: null,
188 verbose parsed url   hostname: null,
188 verbose parsed url   hash: null,
188 verbose parsed url   search: null,
188 verbose parsed url   query: null,
188 verbose parsed url   pathname: '1.0.0',
188 verbose parsed url   path: '1.0.0',
188 verbose parsed url   href: '1.0.0' }
189 verbose addNamed [ 'xml', '1.0.0' ]
190 verbose addNamed [ '1.0.0', '1.0.0' ]
191 silly lockFile d432028e-xml-1-0-0 xml@1.0.0
192 verbose lock xml@1.0.0 /home/vagrant/.npm/d432028e-xml-1-0-0.lock
193 verbose cache add name="pg" spec="4.1.1" args=["pg","4.1.1"]
194 verbose parsed url { protocol: null,
194 verbose parsed url   slashes: null,
194 verbose parsed url   auth: null,
194 verbose parsed url   host: null,
194 verbose parsed url   port: null,
194 verbose parsed url   hostname: null,
194 verbose parsed url   hash: null,
194 verbose parsed url   search: null,
194 verbose parsed url   query: null,
194 verbose parsed url   pathname: '4.1.1',
194 verbose parsed url   path: '4.1.1',
194 verbose parsed url   href: '4.1.1' }
195 verbose addNamed [ 'pg', '4.1.1' ]
196 verbose addNamed [ '4.1.1', '4.1.1' ]
197 silly lockFile 98ab5e52-pg-4-1-1 pg@4.1.1
198 verbose lock pg@4.1.1 /home/vagrant/.npm/98ab5e52-pg-4-1-1.lock
199 verbose cache add name="bcryptjs" spec="2.0.2" args=["bcryptjs","2.0.2"]
200 verbose parsed url { protocol: null,
200 verbose parsed url   slashes: null,
200 verbose parsed url   auth: null,
200 verbose parsed url   host: null,
200 verbose parsed url   port: null,
200 verbose parsed url   hostname: null,
200 verbose parsed url   hash: null,
200 verbose parsed url   search: null,
200 verbose parsed url   query: null,
200 verbose parsed url   pathname: '2.0.2',
200 verbose parsed url   path: '2.0.2',
200 verbose parsed url   href: '2.0.2' }
201 verbose addNamed [ 'bcryptjs', '2.0.2' ]
202 verbose addNamed [ '2.0.2', '2.0.2' ]
203 silly lockFile bf657624-bcryptjs-2-0-2 bcryptjs@2.0.2
204 verbose lock bcryptjs@2.0.2 /home/vagrant/.npm/bf657624-bcryptjs-2-0-2.lock
205 verbose cache add [ 'bluebird@2.4.2', null ]
206 verbose cache add name=undefined spec="bluebird@2.4.2" args=["bluebird@2.4.2",null]
207 verbose parsed url { protocol: null,
207 verbose parsed url   slashes: null,
207 verbose parsed url   auth: null,
207 verbose parsed url   host: null,
207 verbose parsed url   port: null,
207 verbose parsed url   hostname: null,
207 verbose parsed url   hash: null,
207 verbose parsed url   search: null,
207 verbose parsed url   query: null,
207 verbose parsed url   pathname: 'bluebird@2.4.2',
207 verbose parsed url   path: 'bluebird@2.4.2',
207 verbose parsed url   href: 'bluebird@2.4.2' }
208 verbose cache add [ 'body-parser@1.10.0', null ]
209 verbose cache add name=undefined spec="body-parser@1.10.0" args=["body-parser@1.10.0",null]
210 verbose parsed url { protocol: null,
210 verbose parsed url   slashes: null,
210 verbose parsed url   auth: null,
210 verbose parsed url   host: null,
210 verbose parsed url   port: null,
210 verbose parsed url   hostname: null,
210 verbose parsed url   hash: null,
210 verbose parsed url   search: null,
210 verbose parsed url   query: null,
210 verbose parsed url   pathname: 'body-parser@1.10.0',
210 verbose parsed url   path: 'body-parser@1.10.0',
210 verbose parsed url   href: 'body-parser@1.10.0' }
211 verbose cache add [ 'bookshelf@0.7.9', null ]
212 verbose cache add name=undefined spec="bookshelf@0.7.9" args=["bookshelf@0.7.9",null]
213 verbose parsed url { protocol: null,
213 verbose parsed url   slashes: null,
213 verbose parsed url   auth: null,
213 verbose parsed url   host: null,
213 verbose parsed url   port: null,
213 verbose parsed url   hostname: null,
213 verbose parsed url   hash: null,
213 verbose parsed url   search: null,
213 verbose parsed url   query: null,
213 verbose parsed url   pathname: 'bookshelf@0.7.9',
213 verbose parsed url   path: 'bookshelf@0.7.9',
213 verbose parsed url   href: 'bookshelf@0.7.9' }
214 verbose cache add [ 'busboy@0.2.9', null ]
215 verbose cache add name=undefined spec="busboy@0.2.9" args=["busboy@0.2.9",null]
216 verbose parsed url { protocol: null,
216 verbose parsed url   slashes: null,
216 verbose parsed url   auth: null,
216 verbose parsed url   host: null,
216 verbose parsed url   port: null,
216 verbose parsed url   hostname: null,
216 verbose parsed url   hash: null,
216 verbose parsed url   search: null,
216 verbose parsed url   query: null,
216 verbose parsed url   pathname: 'busboy@0.2.9',
216 verbose parsed url   path: 'busboy@0.2.9',
216 verbose parsed url   href: 'busboy@0.2.9' }
217 verbose cache add [ 'cheerio@0.18.0', null ]
218 verbose cache add name=undefined spec="cheerio@0.18.0" args=["cheerio@0.18.0",null]
219 verbose parsed url { protocol: null,
219 verbose parsed url   slashes: null,
219 verbose parsed url   auth: null,
219 verbose parsed url   host: null,
219 verbose parsed url   port: null,
219 verbose parsed url   hostname: null,
219 verbose parsed url   hash: null,
219 verbose parsed url   search: null,
219 verbose parsed url   query: null,
219 verbose parsed url   pathname: 'cheerio@0.18.0',
219 verbose parsed url   path: 'cheerio@0.18.0',
219 verbose parsed url   href: 'cheerio@0.18.0' }
220 verbose already installed skipping colors@0.6.2 /home/vagrant/krcle
221 verbose cache add [ 'compression@1.2.2', null ]
222 verbose cache add name=undefined spec="compression@1.2.2" args=["compression@1.2.2",null]
223 verbose parsed url { protocol: null,
223 verbose parsed url   slashes: null,
223 verbose parsed url   auth: null,
223 verbose parsed url   host: null,
223 verbose parsed url   port: null,
223 verbose parsed url   hostname: null,
223 verbose parsed url   hash: null,
223 verbose parsed url   search: null,
223 verbose parsed url   query: null,
223 verbose parsed url   pathname: 'compression@1.2.2',
223 verbose parsed url   path: 'compression@1.2.2',
223 verbose parsed url   href: 'compression@1.2.2' }
224 verbose cache add [ 'connect-slashes@1.3.0', null ]
225 verbose cache add name=undefined spec="connect-slashes@1.3.0" args=["connect-slashes@1.3.0",null]
226 verbose parsed url { protocol: null,
226 verbose parsed url   slashes: null,
226 verbose parsed url   auth: null,
226 verbose parsed url   host: null,
226 verbose parsed url   port: null,
226 verbose parsed url   hostname: null,
226 verbose parsed url   hash: null,
226 verbose parsed url   search: null,
226 verbose parsed url   query: null,
226 verbose parsed url   pathname: 'connect-slashes@1.3.0',
226 verbose parsed url   path: 'connect-slashes@1.3.0',
226 verbose parsed url   href: 'connect-slashes@1.3.0' }
227 verbose cache add [ 'downsize@0.0.8', null ]
228 verbose cache add name=undefined spec="downsize@0.0.8" args=["downsize@0.0.8",null]
229 verbose parsed url { protocol: null,
229 verbose parsed url   slashes: null,
229 verbose parsed url   auth: null,
229 verbose parsed url   host: null,
229 verbose parsed url   port: null,
229 verbose parsed url   hostname: null,
229 verbose parsed url   hash: null,
229 verbose parsed url   search: null,
229 verbose parsed url   query: null,
229 verbose parsed url   pathname: 'downsize@0.0.8',
229 verbose parsed url   path: 'downsize@0.0.8',
229 verbose parsed url   href: 'downsize@0.0.8' }
230 verbose cache add [ 'express@4.12.0', null ]
231 verbose cache add name=undefined spec="express@4.12.0" args=["express@4.12.0",null]
232 verbose parsed url { protocol: null,
232 verbose parsed url   slashes: null,
232 verbose parsed url   auth: null,
232 verbose parsed url   host: null,
232 verbose parsed url   port: null,
232 verbose parsed url   hostname: null,
232 verbose parsed url   hash: null,
232 verbose parsed url   search: null,
232 verbose parsed url   query: null,
232 verbose parsed url   pathname: 'express@4.12.0',
232 verbose parsed url   path: 'express@4.12.0',
232 verbose parsed url   href: 'express@4.12.0' }
233 verbose cache add [ 'express-hbs@0.8.4', null ]
234 verbose cache add name=undefined spec="express-hbs@0.8.4" args=["express-hbs@0.8.4",null]
235 verbose parsed url { protocol: null,
235 verbose parsed url   slashes: null,
235 verbose parsed url   auth: null,
235 verbose parsed url   host: null,
235 verbose parsed url   port: null,
235 verbose parsed url   hostname: null,
235 verbose parsed url   hash: null,
235 verbose parsed url   search: null,
235 verbose parsed url   query: null,
235 verbose parsed url   pathname: 'express-hbs@0.8.4',
235 verbose parsed url   path: 'express-hbs@0.8.4',
235 verbose parsed url   href: 'express-hbs@0.8.4' }
236 verbose cache add name="bluebird" spec="2.4.2" args=["bluebird","2.4.2"]
237 verbose parsed url { protocol: null,
237 verbose parsed url   slashes: null,
237 verbose parsed url   auth: null,
237 verbose parsed url   host: null,
237 verbose parsed url   port: null,
237 verbose parsed url   hostname: null,
237 verbose parsed url   hash: null,
237 verbose parsed url   search: null,
237 verbose parsed url   query: null,
237 verbose parsed url   pathname: '2.4.2',
237 verbose parsed url   path: '2.4.2',
237 verbose parsed url   href: '2.4.2' }
238 verbose addNamed [ 'bluebird', '2.4.2' ]
239 verbose addNamed [ '2.4.2', '2.4.2' ]
240 silly lockFile 972bec80-bluebird-2-4-2 bluebird@2.4.2
241 verbose lock bluebird@2.4.2 /home/vagrant/.npm/972bec80-bluebird-2-4-2.lock
242 verbose cache add name="body-parser" spec="1.10.0" args=["body-parser","1.10.0"]
243 verbose parsed url { protocol: null,
243 verbose parsed url   slashes: null,
243 verbose parsed url   auth: null,
243 verbose parsed url   host: null,
243 verbose parsed url   port: null,
243 verbose parsed url   hostname: null,
243 verbose parsed url   hash: null,
243 verbose parsed url   search: null,
243 verbose parsed url   query: null,
243 verbose parsed url   pathname: '1.10.0',
243 verbose parsed url   path: '1.10.0',
243 verbose parsed url   href: '1.10.0' }
244 verbose addNamed [ 'body-parser', '1.10.0' ]
245 verbose addNamed [ '1.10.0', '1.10.0' ]
246 silly lockFile 17c720c0-body-parser-1-10-0 body-parser@1.10.0
247 verbose lock body-parser@1.10.0 /home/vagrant/.npm/17c720c0-body-parser-1-10-0.lock
248 verbose cache add name="bookshelf" spec="0.7.9" args=["bookshelf","0.7.9"]
249 verbose parsed url { protocol: null,
249 verbose parsed url   slashes: null,
249 verbose parsed url   auth: null,
249 verbose parsed url   host: null,
249 verbose parsed url   port: null,
249 verbose parsed url   hostname: null,
249 verbose parsed url   hash: null,
249 verbose parsed url   search: null,
249 verbose parsed url   query: null,
249 verbose parsed url   pathname: '0.7.9',
249 verbose parsed url   path: '0.7.9',
249 verbose parsed url   href: '0.7.9' }
250 verbose addNamed [ 'bookshelf', '0.7.9' ]
251 verbose addNamed [ '0.7.9', '0.7.9' ]
252 silly lockFile 749b55e6-bookshelf-0-7-9 bookshelf@0.7.9
253 verbose lock bookshelf@0.7.9 /home/vagrant/.npm/749b55e6-bookshelf-0-7-9.lock
254 verbose cache add name="busboy" spec="0.2.9" args=["busboy","0.2.9"]
255 verbose parsed url { protocol: null,
255 verbose parsed url   slashes: null,
255 verbose parsed url   auth: null,
255 verbose parsed url   host: null,
255 verbose parsed url   port: null,
255 verbose parsed url   hostname: null,
255 verbose parsed url   hash: null,
255 verbose parsed url   search: null,
255 verbose parsed url   query: null,
255 verbose parsed url   pathname: '0.2.9',
255 verbose parsed url   path: '0.2.9',
255 verbose parsed url   href: '0.2.9' }
256 verbose addNamed [ 'busboy', '0.2.9' ]
257 verbose addNamed [ '0.2.9', '0.2.9' ]
258 silly lockFile 23093d06-busboy-0-2-9 busboy@0.2.9
259 verbose lock busboy@0.2.9 /home/vagrant/.npm/23093d06-busboy-0-2-9.lock
260 verbose cache add name="cheerio" spec="0.18.0" args=["cheerio","0.18.0"]
261 verbose parsed url { protocol: null,
261 verbose parsed url   slashes: null,
261 verbose parsed url   auth: null,
261 verbose parsed url   host: null,
261 verbose parsed url   port: null,
261 verbose parsed url   hostname: null,
261 verbose parsed url   hash: null,
261 verbose parsed url   search: null,
261 verbose parsed url   query: null,
261 verbose parsed url   pathname: '0.18.0',
261 verbose parsed url   path: '0.18.0',
261 verbose parsed url   href: '0.18.0' }
262 verbose addNamed [ 'cheerio', '0.18.0' ]
263 verbose addNamed [ '0.18.0', '0.18.0' ]
264 silly lockFile 6b7368ff-cheerio-0-18-0 cheerio@0.18.0
265 verbose lock cheerio@0.18.0 /home/vagrant/.npm/6b7368ff-cheerio-0-18-0.lock
266 verbose cache add name="compression" spec="1.2.2" args=["compression","1.2.2"]
267 verbose parsed url { protocol: null,
267 verbose parsed url   slashes: null,
267 verbose parsed url   auth: null,
267 verbose parsed url   host: null,
267 verbose parsed url   port: null,
267 verbose parsed url   hostname: null,
267 verbose parsed url   hash: null,
267 verbose parsed url   search: null,
267 verbose parsed url   query: null,
267 verbose parsed url   pathname: '1.2.2',
267 verbose parsed url   path: '1.2.2',
267 verbose parsed url   href: '1.2.2' }
268 verbose addNamed [ 'compression', '1.2.2' ]
269 verbose addNamed [ '1.2.2', '1.2.2' ]
270 silly lockFile efd994ee-compression-1-2-2 compression@1.2.2
271 verbose lock compression@1.2.2 /home/vagrant/.npm/efd994ee-compression-1-2-2.lock
272 verbose cache add name="connect-slashes" spec="1.3.0" args=["connect-slashes","1.3.0"]
273 verbose parsed url { protocol: null,
273 verbose parsed url   slashes: null,
273 verbose parsed url   auth: null,
273 verbose parsed url   host: null,
273 verbose parsed url   port: null,
273 verbose parsed url   hostname: null,
273 verbose parsed url   hash: null,
273 verbose parsed url   search: null,
273 verbose parsed url   query: null,
273 verbose parsed url   pathname: '1.3.0',
273 verbose parsed url   path: '1.3.0',
273 verbose parsed url   href: '1.3.0' }
274 verbose addNamed [ 'connect-slashes', '1.3.0' ]
275 verbose addNamed [ '1.3.0', '1.3.0' ]
276 silly lockFile a93bea38-connect-slashes-1-3-0 connect-slashes@1.3.0
277 verbose lock connect-slashes@1.3.0 /home/vagrant/.npm/a93bea38-connect-slashes-1-3-0.lock
278 verbose cache add name="downsize" spec="0.0.8" args=["downsize","0.0.8"]
279 verbose parsed url { protocol: null,
279 verbose parsed url   slashes: null,
279 verbose parsed url   auth: null,
279 verbose parsed url   host: null,
279 verbose parsed url   port: null,
279 verbose parsed url   hostname: null,
279 verbose parsed url   hash: null,
279 verbose parsed url   search: null,
279 verbose parsed url   query: null,
279 verbose parsed url   pathname: '0.0.8',
279 verbose parsed url   path: '0.0.8',
279 verbose parsed url   href: '0.0.8' }
280 verbose addNamed [ 'downsize', '0.0.8' ]
281 verbose addNamed [ '0.0.8', '0.0.8' ]
282 silly lockFile 7e4464a3-downsize-0-0-8 downsize@0.0.8
283 verbose lock downsize@0.0.8 /home/vagrant/.npm/7e4464a3-downsize-0-0-8.lock
284 verbose cache add name="express" spec="4.12.0" args=["express","4.12.0"]
285 verbose parsed url { protocol: null,
285 verbose parsed url   slashes: null,
285 verbose parsed url   auth: null,
285 verbose parsed url   host: null,
285 verbose parsed url   port: null,
285 verbose parsed url   hostname: null,
285 verbose parsed url   hash: null,
285 verbose parsed url   search: null,
285 verbose parsed url   query: null,
285 verbose parsed url   pathname: '4.12.0',
285 verbose parsed url   path: '4.12.0',
285 verbose parsed url   href: '4.12.0' }
286 verbose addNamed [ 'express', '4.12.0' ]
287 verbose addNamed [ '4.12.0', '4.12.0' ]
288 silly lockFile 334bb224-express-4-12-0 express@4.12.0
289 verbose lock express@4.12.0 /home/vagrant/.npm/334bb224-express-4-12-0.lock
290 verbose cache add name="express-hbs" spec="0.8.4" args=["express-hbs","0.8.4"]
291 verbose parsed url { protocol: null,
291 verbose parsed url   slashes: null,
291 verbose parsed url   auth: null,
291 verbose parsed url   host: null,
291 verbose parsed url   port: null,
291 verbose parsed url   hostname: null,
291 verbose parsed url   hash: null,
291 verbose parsed url   search: null,
291 verbose parsed url   query: null,
291 verbose parsed url   pathname: '0.8.4',
291 verbose parsed url   path: '0.8.4',
291 verbose parsed url   href: '0.8.4' }
292 verbose addNamed [ 'express-hbs', '0.8.4' ]
293 verbose addNamed [ '0.8.4', '0.8.4' ]
294 silly lockFile aae70686-express-hbs-0-8-4 express-hbs@0.8.4
295 verbose lock express-hbs@0.8.4 /home/vagrant/.npm/aae70686-express-hbs-0-8-4.lock
296 verbose request where is /extract-zip
297 verbose request registry https://registry.npmjs.org/
298 verbose request id 07b4b3d1f84859f9
299 verbose url raw /extract-zip
300 verbose url resolving [ 'https://registry.npmjs.org/', './extract-zip' ]
301 verbose url resolved https://registry.npmjs.org/extract-zip
302 verbose request where is https://registry.npmjs.org/extract-zip
303 info trying registry request attempt 1 at 19:15:30
304 verbose etag "1N4NQIGOVEJS998SR8626Z79U"
305 http GET https://registry.npmjs.org/extract-zip
306 verbose request where is /fs-extra
307 verbose request registry https://registry.npmjs.org/
308 verbose url raw /fs-extra
309 verbose url resolving [ 'https://registry.npmjs.org/', './fs-extra' ]
310 verbose url resolved https://registry.npmjs.org/fs-extra
311 verbose request where is https://registry.npmjs.org/fs-extra
312 info trying registry request attempt 1 at 19:15:30
313 verbose etag "72W739M2MIKTH0X0YVGD8RH72"
314 http GET https://registry.npmjs.org/fs-extra
315 verbose request where is /glob
316 verbose request registry https://registry.npmjs.org/
317 verbose url raw /glob
318 verbose url resolving [ 'https://registry.npmjs.org/', './glob' ]
319 verbose url resolved https://registry.npmjs.org/glob
320 verbose request where is https://registry.npmjs.org/glob
321 info trying registry request attempt 1 at 19:15:30
322 verbose etag "9XIJS97FWQU7LHJIU5ZDX0NOW"
323 http GET https://registry.npmjs.org/glob
324 verbose request where is /html-to-text
325 verbose request registry https://registry.npmjs.org/
326 verbose url raw /html-to-text
327 verbose url resolving [ 'https://registry.npmjs.org/', './html-to-text' ]
328 verbose url resolved https://registry.npmjs.org/html-to-text
329 verbose request where is https://registry.npmjs.org/html-to-text
330 info trying registry request attempt 1 at 19:15:30
331 verbose etag "DE3SG1SASXG3NJMYICHRLHHQY"
332 http GET https://registry.npmjs.org/html-to-text
333 verbose request where is /knex
334 verbose request registry https://registry.npmjs.org/
335 verbose url raw /knex
336 verbose url resolving [ 'https://registry.npmjs.org/', './knex' ]
337 verbose url resolved https://registry.npmjs.org/knex
338 verbose request where is https://registry.npmjs.org/knex
339 info trying registry request attempt 1 at 19:15:30
340 verbose etag "ATFDP4TSLIGGXOWSQRZ684K5X"
341 http GET https://registry.npmjs.org/knex
342 verbose request where is /moment
343 verbose request registry https://registry.npmjs.org/
344 verbose url raw /moment
345 verbose url resolving [ 'https://registry.npmjs.org/', './moment' ]
346 verbose url resolved https://registry.npmjs.org/moment
347 verbose request where is https://registry.npmjs.org/moment
348 info trying registry request attempt 1 at 19:15:30
349 verbose etag "8F2K9H09GBNVFRKIITEQ3PSWG"
350 http GET https://registry.npmjs.org/moment
351 verbose request where is /morgan
352 verbose request registry https://registry.npmjs.org/
353 verbose url raw /morgan
354 verbose url resolving [ 'https://registry.npmjs.org/', './morgan' ]
355 verbose url resolved https://registry.npmjs.org/morgan
356 verbose request where is https://registry.npmjs.org/morgan
357 info trying registry request attempt 1 at 19:15:30
358 verbose etag "2R44TA5330ANJ97CP7RZRAEJ7"
359 http GET https://registry.npmjs.org/morgan
360 verbose request where is /node-uuid
361 verbose request registry https://registry.npmjs.org/
362 verbose url raw /node-uuid
363 verbose url resolving [ 'https://registry.npmjs.org/', './node-uuid' ]
364 verbose url resolved https://registry.npmjs.org/node-uuid
365 verbose request where is https://registry.npmjs.org/node-uuid
366 info trying registry request attempt 1 at 19:15:30
367 verbose etag "AUYXWWS9843EOTDMPPEHN0E9X"
368 http GET https://registry.npmjs.org/node-uuid
369 verbose request where is /nodemailer
370 verbose request registry https://registry.npmjs.org/
371 verbose url raw /nodemailer
372 verbose url resolving [ 'https://registry.npmjs.org/', './nodemailer' ]
373 verbose url resolved https://registry.npmjs.org/nodemailer
374 verbose request where is https://registry.npmjs.org/nodemailer
375 info trying registry request attempt 1 at 19:15:30
376 verbose etag "EM0745Q75EIFEUZ7Z306Y5OO8"
377 http GET https://registry.npmjs.org/nodemailer
378 verbose request where is /passport
379 verbose request registry https://registry.npmjs.org/
380 verbose url raw /passport
381 verbose url resolving [ 'https://registry.npmjs.org/', './passport' ]
382 verbose url resolved https://registry.npmjs.org/passport
383 verbose request where is https://registry.npmjs.org/passport
384 info trying registry request attempt 1 at 19:15:30
385 verbose etag "3DDPA2ECGVZQKJVDWHQPV6TOT"
386 http GET https://registry.npmjs.org/passport
387 verbose request where is /passport-oauth2-client-password
388 verbose request registry https://registry.npmjs.org/
389 verbose url raw /passport-oauth2-client-password
390 verbose url resolving [ 'https://registry.npmjs.org/',
390 verbose url resolving   './passport-oauth2-client-password' ]
391 verbose url resolved https://registry.npmjs.org/passport-oauth2-client-password
392 verbose request where is https://registry.npmjs.org/passport-oauth2-client-password
393 info trying registry request attempt 1 at 19:15:30
394 verbose etag "7G3P86LK0WYR4Y47GA0KTGC3O"
395 http GET https://registry.npmjs.org/passport-oauth2-client-password
396 verbose request where is /path-match
397 verbose request registry https://registry.npmjs.org/
398 verbose url raw /path-match
399 verbose url resolving [ 'https://registry.npmjs.org/', './path-match' ]
400 verbose url resolved https://registry.npmjs.org/path-match
401 verbose request where is https://registry.npmjs.org/path-match
402 info trying registry request attempt 1 at 19:15:30
403 verbose etag "3EIWY3GQV1VL9RZZ10MVMJQT4"
404 http GET https://registry.npmjs.org/path-match
405 verbose request where is /request
406 verbose request registry https://registry.npmjs.org/
407 verbose url raw /request
408 verbose url resolving [ 'https://registry.npmjs.org/', './request' ]
409 verbose url resolved https://registry.npmjs.org/request
410 verbose request where is https://registry.npmjs.org/request
411 info trying registry request attempt 1 at 19:15:30
412 verbose etag "EVRDQ3KDOBXSDP2PQJBXQJBBF"
413 http GET https://registry.npmjs.org/request
414 verbose request where is /rss
415 verbose request registry https://registry.npmjs.org/
416 verbose url raw /rss
417 verbose url resolving [ 'https://registry.npmjs.org/', './rss' ]
418 verbose url resolved https://registry.npmjs.org/rss
419 verbose request where is https://registry.npmjs.org/rss
420 info trying registry request attempt 1 at 19:15:30
421 verbose etag "EVH5BVDMML3L0LLH2ETDALJC9"
422 http GET https://registry.npmjs.org/rss
423 verbose request where is /semver
424 verbose request registry https://registry.npmjs.org/
425 verbose url raw /semver
426 verbose url resolving [ 'https://registry.npmjs.org/', './semver' ]
427 verbose url resolved https://registry.npmjs.org/semver
428 verbose request where is https://registry.npmjs.org/semver
429 info trying registry request attempt 1 at 19:15:30
430 verbose etag "5C9VESNUPK4Y7FYXV8FOJK5II"
431 http GET https://registry.npmjs.org/semver
432 verbose request where is /showdown-ghost
433 verbose request registry https://registry.npmjs.org/
434 verbose url raw /showdown-ghost
435 verbose url resolving [ 'https://registry.npmjs.org/', './showdown-ghost' ]
436 verbose url resolved https://registry.npmjs.org/showdown-ghost
437 verbose request where is https://registry.npmjs.org/showdown-ghost
438 info trying registry request attempt 1 at 19:15:30
439 verbose etag "1RQQLT83EQWAIGBVWAUMP7SV9"
440 http GET https://registry.npmjs.org/showdown-ghost
441 verbose request where is /sqlite3
442 verbose request registry https://registry.npmjs.org/
443 verbose url raw /sqlite3
444 verbose url resolving [ 'https://registry.npmjs.org/', './sqlite3' ]
445 verbose url resolved https://registry.npmjs.org/sqlite3
446 verbose request where is https://registry.npmjs.org/sqlite3
447 info trying registry request attempt 1 at 19:15:30
448 verbose etag "2KRU94CUOAYV109J9AZYVZP7E"
449 http GET https://registry.npmjs.org/sqlite3
450 verbose request where is /validator
451 verbose request registry https://registry.npmjs.org/
452 verbose url raw /validator
453 verbose url resolving [ 'https://registry.npmjs.org/', './validator' ]
454 verbose url resolved https://registry.npmjs.org/validator
455 verbose request where is https://registry.npmjs.org/validator
456 info trying registry request attempt 1 at 19:15:30
457 verbose etag "DRDQF59Z9IQJ7GO2PYU3T9M1J"
458 http GET https://registry.npmjs.org/validator
459 verbose request where is /xml
460 verbose request registry https://registry.npmjs.org/
461 verbose url raw /xml
462 verbose url resolving [ 'https://registry.npmjs.org/', './xml' ]
463 verbose url resolved https://registry.npmjs.org/xml
464 verbose request where is https://registry.npmjs.org/xml
465 info trying registry request attempt 1 at 19:15:30
466 verbose etag "F31FWZMG7FZCIC09T3JQ1WYPU"
467 http GET https://registry.npmjs.org/xml
468 verbose request where is /pg
469 verbose request registry https://registry.npmjs.org/
470 verbose url raw /pg
471 verbose url resolving [ 'https://registry.npmjs.org/', './pg' ]
472 verbose url resolved https://registry.npmjs.org/pg
473 verbose request where is https://registry.npmjs.org/pg
474 info trying registry request attempt 1 at 19:15:30
475 verbose etag "1TCS8DGUNRSTGS01HTOJVW4NW"
476 http GET https://registry.npmjs.org/pg
477 verbose request where is /bcryptjs
478 verbose request registry https://registry.npmjs.org/
479 verbose url raw /bcryptjs
480 verbose url resolving [ 'https://registry.npmjs.org/', './bcryptjs' ]
481 verbose url resolved https://registry.npmjs.org/bcryptjs
482 verbose request where is https://registry.npmjs.org/bcryptjs
483 info trying registry request attempt 1 at 19:15:30
484 verbose etag "68O0UZWURFQ5AJBPYCUOR5D3O"
485 http GET https://registry.npmjs.org/bcryptjs
486 verbose request where is /bluebird
487 verbose request registry https://registry.npmjs.org/
488 verbose url raw /bluebird
489 verbose url resolving [ 'https://registry.npmjs.org/', './bluebird' ]
490 verbose url resolved https://registry.npmjs.org/bluebird
491 verbose request where is https://registry.npmjs.org/bluebird
492 info trying registry request attempt 1 at 19:15:30
493 verbose etag "EOCHEYA80BAKG8BZLDLWBA60T"
494 http GET https://registry.npmjs.org/bluebird
495 verbose request where is /body-parser
496 verbose request registry https://registry.npmjs.org/
497 verbose url raw /body-parser
498 verbose url resolving [ 'https://registry.npmjs.org/', './body-parser' ]
499 verbose url resolved https://registry.npmjs.org/body-parser
500 verbose request where is https://registry.npmjs.org/body-parser
501 info trying registry request attempt 1 at 19:15:30
502 verbose etag "5A6LIVB4AQD6Z29RNKZ5JD8ZY"
503 http GET https://registry.npmjs.org/body-parser
504 verbose request where is /bookshelf
505 verbose request registry https://registry.npmjs.org/
506 verbose url raw /bookshelf
507 verbose url resolving [ 'https://registry.npmjs.org/', './bookshelf' ]
508 verbose url resolved https://registry.npmjs.org/bookshelf
509 verbose request where is https://registry.npmjs.org/bookshelf
510 info trying registry request attempt 1 at 19:15:30
511 verbose etag "80LQ9X3RRWR52DV93LCYV5RAB"
512 http GET https://registry.npmjs.org/bookshelf
513 verbose request where is /busboy
514 verbose request registry https://registry.npmjs.org/
515 verbose url raw /busboy
516 verbose url resolving [ 'https://registry.npmjs.org/', './busboy' ]
517 verbose url resolved https://registry.npmjs.org/busboy
518 verbose request where is https://registry.npmjs.org/busboy
519 info trying registry request attempt 1 at 19:15:30
520 verbose etag "3GCW0TFYB1KHQT9RCYORFHK68"
521 http GET https://registry.npmjs.org/busboy
522 verbose request where is /cheerio
523 verbose request registry https://registry.npmjs.org/
524 verbose url raw /cheerio
525 verbose url resolving [ 'https://registry.npmjs.org/', './cheerio' ]
526 verbose url resolved https://registry.npmjs.org/cheerio
527 verbose request where is https://registry.npmjs.org/cheerio
528 info trying registry request attempt 1 at 19:15:30
529 verbose etag "AMBPTZJEB6IL1LJ3JB79COAYG"
530 http GET https://registry.npmjs.org/cheerio
531 verbose request where is /compression
532 verbose request registry https://registry.npmjs.org/
533 verbose url raw /compression
534 verbose url resolving [ 'https://registry.npmjs.org/', './compression' ]
535 verbose url resolved https://registry.npmjs.org/compression
536 verbose request where is https://registry.npmjs.org/compression
537 info trying registry request attempt 1 at 19:15:30
538 verbose etag "74F9YH39TZLEKX7DLHCTEQIQF"
539 http GET https://registry.npmjs.org/compression
540 verbose request where is /connect-slashes
541 verbose request registry https://registry.npmjs.org/
542 verbose url raw /connect-slashes
543 verbose url resolving [ 'https://registry.npmjs.org/', './connect-slashes' ]
544 verbose url resolved https://registry.npmjs.org/connect-slashes
545 verbose request where is https://registry.npmjs.org/connect-slashes
546 info trying registry request attempt 1 at 19:15:30
547 verbose etag "8YRM6AE4TCTDGZYZPCJBO9LHM"
548 http GET https://registry.npmjs.org/connect-slashes
549 verbose request where is /downsize
550 verbose request registry https://registry.npmjs.org/
551 verbose url raw /downsize
552 verbose url resolving [ 'https://registry.npmjs.org/', './downsize' ]
553 verbose url resolved https://registry.npmjs.org/downsize
554 verbose request where is https://registry.npmjs.org/downsize
555 info trying registry request attempt 1 at 19:15:30
556 verbose etag "1YY7GKAY407MRPMJW89KQEOXB"
557 http GET https://registry.npmjs.org/downsize
558 verbose request where is /express
559 verbose request registry https://registry.npmjs.org/
560 verbose url raw /express
561 verbose url resolving [ 'https://registry.npmjs.org/', './express' ]
562 verbose url resolved https://registry.npmjs.org/express
563 verbose request where is https://registry.npmjs.org/express
564 info trying registry request attempt 1 at 19:15:30
565 verbose etag "I02KNE978RHTA28SXSDY7XKT"
566 http GET https://registry.npmjs.org/express
567 verbose request where is /express-hbs
568 verbose request registry https://registry.npmjs.org/
569 verbose url raw /express-hbs
570 verbose url resolving [ 'https://registry.npmjs.org/', './express-hbs' ]
571 verbose url resolved https://registry.npmjs.org/express-hbs
572 verbose request where is https://registry.npmjs.org/express-hbs
573 info trying registry request attempt 1 at 19:15:30
574 verbose etag "6IRAN2VF0MYZDR8E6ULLXQELR"
575 http GET https://registry.npmjs.org/express-hbs
576 http 304 https://registry.npmjs.org/fs-extra
577 silly registry.get cb [ 304,
577 silly registry.get   { date: 'Sat, 02 May 2015 19:15:37 GMT',
577 silly registry.get     via: '1.1 varnish',
577 silly registry.get     'last-modified': 'Sat, 02 May 2015 19:15:37 GMT',
577 silly registry.get     'cache-control': 'max-age=60',
577 silly registry.get     etag: '"72W739M2MIKTH0X0YVGD8RH72"',
577 silly registry.get     age: '19',
577 silly registry.get     connection: 'keep-alive',
577 silly registry.get     'x-served-by': 'cache-ord1721-ORD',
577 silly registry.get     'x-cache': 'HIT',
577 silly registry.get     'x-cache-hits': '1',
577 silly registry.get     'x-timer': 'S1430594137.386436,VS0,VE0',
577 silly registry.get     vary: 'Accept' } ]
578 verbose etag https://registry.npmjs.org/fs-extra from cache
579 http 304 https://registry.npmjs.org/glob
580 silly registry.get cb [ 304,
580 silly registry.get   { date: 'Sat, 02 May 2015 19:15:37 GMT',
580 silly registry.get     via: '1.1 varnish',
580 silly registry.get     'cache-control': 'max-age=60',
580 silly registry.get     etag: '"9XIJS97FWQU7LHJIU5ZDX0NOW"',
580 silly registry.get     age: '48',
580 silly registry.get     connection: 'keep-alive',
580 silly registry.get     'x-served-by': 'cache-ord1727-ORD',
580 silly registry.get     'x-cache': 'HIT',
580 silly registry.get     'x-cache-hits': '2',
580 silly registry.get     'x-timer': 'S1430594137.408052,VS0,VE0',
580 silly registry.get     vary: 'Accept' } ]
581 verbose etag https://registry.npmjs.org/glob from cache
582 silly lockFile bc750428-ry-npmjs-org-glob-glob-4-3-2-tgz https://registry.npmjs.org/glob/-/glob-4.3.2.tgz
583 verbose lock https://registry.npmjs.org/glob/-/glob-4.3.2.tgz /home/vagrant/.npm/bc750428-ry-npmjs-org-glob-glob-4-3-2-tgz.lock
584 silly lockFile fe13d157-fs-extra-0-13-0 fs-extra@0.13.0
585 silly lockFile fe13d157-fs-extra-0-13-0 fs-extra@0.13.0
586 verbose addRemoteTarball [ 'https://registry.npmjs.org/glob/-/glob-4.3.2.tgz',
586 verbose addRemoteTarball   '351ec7dafc29256b253ad86cd6b48c5a3404b76d' ]
587 info retry fetch attempt 1 at 19:15:31
588 verbose fetch to= /tmp/npm-5094-YT8gAR1q/registry.npmjs.org/glob/-/glob-4.3.2.tgz
589 http GET https://registry.npmjs.org/glob/-/glob-4.3.2.tgz
590 http 304 https://registry.npmjs.org/extract-zip
591 silly registry.get cb [ 304,
591 silly registry.get   { date: 'Sat, 02 May 2015 19:15:37 GMT',
591 silly registry.get     via: '1.1 varnish',
591 silly registry.get     'last-modified': 'Sat, 02 May 2015 19:15:37 GMT',
591 silly registry.get     'cache-control': 'max-age=60',
591 silly registry.get     etag: '"1N4NQIGOVEJS998SR8626Z79U"',
591 silly registry.get     age: '0',
591 silly registry.get     connection: 'keep-alive',
591 silly registry.get     'x-served-by': 'cache-ord1723-ORD',
591 silly registry.get     'x-cache': 'MISS',
591 silly registry.get     'x-cache-hits': '0',
591 silly registry.get     'x-timer': 'S1430594137.404341,VS0,VE43',
591 silly registry.get     vary: 'Accept' } ]
592 verbose etag https://registry.npmjs.org/extract-zip from cache
593 http 304 https://registry.npmjs.org/knex
594 silly registry.get cb [ 304,
594 silly registry.get   { date: 'Sat, 02 May 2015 19:15:37 GMT',
594 silly registry.get     via: '1.1 varnish',
594 silly registry.get     'last-modified': 'Sat, 02 May 2015 19:15:37 GMT',
594 silly registry.get     'cache-control': 'max-age=60',
594 silly registry.get     etag: '"ATFDP4TSLIGGXOWSQRZ684K5X"',
594 silly registry.get     age: '0',
594 silly registry.get     connection: 'keep-alive',
594 silly registry.get     'x-served-by': 'cache-ord1735-ORD',
594 silly registry.get     'x-cache': 'MISS',
594 silly registry.get     'x-cache-hits': '0',
594 silly registry.get     'x-timer': 'S1430594137.407153,VS0,VE67',
594 silly registry.get     vary: 'Accept' } ]
595 verbose etag https://registry.npmjs.org/knex from cache
596 http 304 https://registry.npmjs.org/moment
597 silly registry.get cb [ 304,
597 silly registry.get   { date: 'Sat, 02 May 2015 19:15:37 GMT',
597 silly registry.get     via: '1.1 varnish',
597 silly registry.get     'last-modified': 'Sat, 02 May 2015 19:15:37 GMT',
597 silly registry.get     'cache-control': 'max-age=60',
597 silly registry.get     etag: '"8F2K9H09GBNVFRKIITEQ3PSWG"',
597 silly registry.get     age: '0',
597 silly registry.get     connection: 'keep-alive',
597 silly registry.get     'x-served-by': 'cache-ord1721-ORD',
597 silly registry.get     'x-cache': 'HIT',
597 silly registry.get     'x-cache-hits': '1',
597 silly registry.get     'x-timer': 'S1430594137.444910,VS0,VE65',
597 silly registry.get     vary: 'Accept' } ]
598 verbose etag https://registry.npmjs.org/moment from cache
599 silly lockFile 2a4dc43f-extract-zip-1-0-3 extract-zip@1.0.3
600 silly lockFile 2a4dc43f-extract-zip-1-0-3 extract-zip@1.0.3
601 silly lockFile c74436cc-knex-0-7-3 knex@0.7.3
602 silly lockFile c74436cc-knex-0-7-3 knex@0.7.3
603 silly lockFile 707ecd2d-moment-2-8-3 moment@2.8.3
604 silly lockFile 707ecd2d-moment-2-8-3 moment@2.8.3
605 http 304 https://registry.npmjs.org/morgan
606 silly registry.get cb [ 304,
606 silly registry.get   { date: 'Sat, 02 May 2015 19:15:37 GMT',
606 silly registry.get     via: '1.1 varnish',
606 silly registry.get     'cache-control': 'max-age=60',
606 silly registry.get     etag: '"2R44TA5330ANJ97CP7RZRAEJ7"',
606 silly registry.get     age: '60',
606 silly registry.get     connection: 'keep-alive',
606 silly registry.get     'x-served-by': 'cache-ord1727-ORD',
606 silly registry.get     'x-cache': 'HIT',
606 silly registry.get     'x-cache-hits': '1',
606 silly registry.get     'x-timer': 'S1430594137.585068,VS0,VE0',
606 silly registry.get     vary: 'Accept' } ]
607 verbose etag https://registry.npmjs.org/morgan from cache
608 http 304 https://registry.npmjs.org/node-uuid
609 silly registry.get cb [ 304,
609 silly registry.get   { date: 'Sat, 02 May 2015 19:15:37 GMT',
609 silly registry.get     via: '1.1 varnish',
609 silly registry.get     'last-modified': 'Sat, 02 May 2015 19:15:37 GMT',
609 silly registry.get     'cache-control': 'max-age=60',
609 silly registry.get     etag: '"AUYXWWS9843EOTDMPPEHN0E9X"',
609 silly registry.get     age: '23',
609 silly registry.get     connection: 'keep-alive',
609 silly registry.get     'x-served-by': 'cache-ord1723-ORD',
609 silly registry.get     'x-cache': 'HIT',
609 silly registry.get     'x-cache-hits': '1',
609 silly registry.get     'x-timer': 'S1430594137.591894,VS0,VE0',
609 silly registry.get     vary: 'Accept' } ]
610 verbose etag https://registry.npmjs.org/node-uuid from cache
611 http 304 https://registry.npmjs.org/nodemailer
612 silly registry.get cb [ 304,
612 silly registry.get   { date: 'Sat, 02 May 2015 19:15:37 GMT',
612 silly registry.get     via: '1.1 varnish',
612 silly registry.get     'last-modified': 'Sat, 02 May 2015 19:15:37 GMT',
612 silly registry.get     'cache-control': 'max-age=60',
612 silly registry.get     etag: '"EM0745Q75EIFEUZ7Z306Y5OO8"',
612 silly registry.get     age: '22',
612 silly registry.get     connection: 'keep-alive',
612 silly registry.get     'x-served-by': 'cache-ord1735-ORD',
612 silly registry.get     'x-cache': 'HIT',
612 silly registry.get     'x-cache-hits': '1',
612 silly registry.get     'x-timer': 'S1430594137.591069,VS0,VE1',
612 silly registry.get     vary: 'Accept' } ]
613 verbose etag https://registry.npmjs.org/nodemailer from cache
614 silly lockFile 2a4cac9b-morgan-1-5-0 morgan@1.5.0
615 silly lockFile 2a4cac9b-morgan-1-5-0 morgan@1.5.0
616 silly lockFile 576d32ce-node-uuid-1-4-2 node-uuid@1.4.2
617 silly lockFile 576d32ce-node-uuid-1-4-2 node-uuid@1.4.2
618 silly lockFile 6823eb56-nodemailer-0-7-1 nodemailer@0.7.1
619 silly lockFile 6823eb56-nodemailer-0-7-1 nodemailer@0.7.1
620 http 304 https://registry.npmjs.org/passport
621 silly registry.get cb [ 304,
621 silly registry.get   { date: 'Sat, 02 May 2015 19:15:37 GMT',
621 silly registry.get     via: '1.1 varnish',
621 silly registry.get     'last-modified': 'Sat, 02 May 2015 19:15:37 GMT',
621 silly registry.get     'cache-control': 'max-age=60',
621 silly registry.get     etag: '"3DDPA2ECGVZQKJVDWHQPV6TOT"',
621 silly registry.get     age: '0',
621 silly registry.get     connection: 'keep-alive',
621 silly registry.get     'x-served-by': 'cache-ord1721-ORD',
621 silly registry.get     'x-cache': 'HIT',
621 silly registry.get     'x-cache-hits': '1',
621 silly registry.get     'x-timer': 'S1430594137.591655,VS0,VE37',
621 silly registry.get     vary: 'Accept' } ]
622 verbose etag https://registry.npmjs.org/passport from cache
623 http 304 https://registry.npmjs.org/request
624 silly registry.get cb [ 304,
624 silly registry.get   { date: 'Sat, 02 May 2015 19:15:37 GMT',
624 silly registry.get     via: '1.1 varnish',
624 silly registry.get     'last-modified': 'Sat, 02 May 2015 19:15:37 GMT',
624 silly registry.get     'cache-control': 'max-age=60',
624 silly registry.get     etag: '"EVRDQ3KDOBXSDP2PQJBXQJBBF"',
624 silly registry.get     age: '52',
624 silly registry.get     connection: 'keep-alive',
624 silly registry.get     'x-served-by': 'cache-ord1735-ORD',
624 silly registry.get     'x-cache': 'HIT',
624 silly registry.get     'x-cache-hits': '1',
624 silly registry.get     'x-timer': 'S1430594137.650629,VS0,VE1',
624 silly registry.get     vary: 'Accept' } ]
625 verbose etag https://registry.npmjs.org/request from cache
626 silly lockFile b563cf22-passport-0-2-1 passport@0.2.1
627 silly lockFile b563cf22-passport-0-2-1 passport@0.2.1
628 silly lockFile 85707acc-request-2-51-0 request@2.51.0
629 silly lockFile 85707acc-request-2-51-0 request@2.51.0
630 http 304 https://registry.npmjs.org/html-to-text
631 silly registry.get cb [ 304,
631 silly registry.get   { date: 'Sat, 02 May 2015 19:15:37 GMT',
631 silly registry.get     via: '1.1 varnish',
631 silly registry.get     'cache-control': 'max-age=60',
631 silly registry.get     etag: '"DE3SG1SASXG3NJMYICHRLHHQY"',
631 silly registry.get     age: '0',
631 silly registry.get     connection: 'keep-alive',
631 silly registry.get     'x-served-by': 'cache-ord1731-ORD',
631 silly registry.get     'x-cache': 'MISS',
631 silly registry.get     'x-cache-hits': '0',
631 silly registry.get     'x-timer': 'S1430594137.390796,VS0,VE277',
631 silly registry.get     vary: 'Accept' } ]
632 verbose etag https://registry.npmjs.org/html-to-text from cache
633 http 304 https://registry.npmjs.org/passport-oauth2-client-password
634 silly registry.get cb [ 304,
634 silly registry.get   { date: 'Sat, 02 May 2015 19:15:37 GMT',
634 silly registry.get     via: '1.1 varnish',
634 silly registry.get     'cache-control': 'max-age=60',
634 silly registry.get     etag: '"7G3P86LK0WYR4Y47GA0KTGC3O"',
634 silly registry.get     age: '0',
634 silly registry.get     connection: 'keep-alive',
634 silly registry.get     'x-served-by': 'cache-ord1727-ORD',
634 silly registry.get     'x-cache': 'MISS',
634 silly registry.get     'x-cache-hits': '0',
634 silly registry.get     'x-timer': 'S1430594137.624414,VS0,VE46',
634 silly registry.get     vary: 'Accept' } ]
635 verbose etag https://registry.npmjs.org/passport-oauth2-client-password from cache
636 silly lockFile 1653d730-html-to-text-1-2-0 html-to-text@1.2.0
637 silly lockFile 1653d730-html-to-text-1-2-0 html-to-text@1.2.0
638 silly lockFile 4c906db6-ort-oauth2-client-password-0-1-2 passport-oauth2-client-password@0.1.2
639 silly lockFile 4c906db6-ort-oauth2-client-password-0-1-2 passport-oauth2-client-password@0.1.2
640 http 304 https://registry.npmjs.org/semver
641 silly registry.get cb [ 304,
641 silly registry.get   { date: 'Sat, 02 May 2015 19:15:37 GMT',
641 silly registry.get     via: '1.1 varnish',
641 silly registry.get     'last-modified': 'Sat, 02 May 2015 19:15:18 GMT',
641 silly registry.get     'cache-control': 'max-age=60',
641 silly registry.get     etag: '"5C9VESNUPK4Y7FYXV8FOJK5II"',
641 silly registry.get     age: '59',
641 silly registry.get     connection: 'keep-alive',
641 silly registry.get     'x-served-by': 'cache-ord1735-ORD',
641 silly registry.get     'x-cache': 'HIT',
641 silly registry.get     'x-cache-hits': '2',
641 silly registry.get     'x-timer': 'S1430594137.712203,VS0,VE0',
641 silly registry.get     vary: 'Accept' } ]
642 verbose etag https://registry.npmjs.org/semver from cache
643 silly lockFile 593e89d7-semver-4-3-3 semver@4.3.3
644 silly lockFile 593e89d7-semver-4-3-3 semver@4.3.3
645 http 200 https://registry.npmjs.org/glob/-/glob-4.3.2.tgz
646 silly lockFile bc750428-ry-npmjs-org-glob-glob-4-3-2-tgz https://registry.npmjs.org/glob/-/glob-4.3.2.tgz
647 silly lockFile bc750428-ry-npmjs-org-glob-glob-4-3-2-tgz https://registry.npmjs.org/glob/-/glob-4.3.2.tgz
648 silly lockFile cbf464df-glob-4-3-2 glob@4.3.2
649 silly lockFile cbf464df-glob-4-3-2 glob@4.3.2
650 http 304 https://registry.npmjs.org/rss
651 silly registry.get cb [ 304,
651 silly registry.get   { date: 'Sat, 02 May 2015 19:15:37 GMT',
651 silly registry.get     via: '1.1 varnish',
651 silly registry.get     'last-modified': 'Sat, 02 May 2015 19:15:37 GMT',
651 silly registry.get     'cache-control': 'max-age=60',
651 silly registry.get     etag: '"EVH5BVDMML3L0LLH2ETDALJC9"',
651 silly registry.get     age: '0',
651 silly registry.get     connection: 'keep-alive',
651 silly registry.get     'x-served-by': 'cache-ord1721-ORD',
651 silly registry.get     'x-cache': 'MISS',
651 silly registry.get     'x-cache-hits': '0',
651 silly registry.get     'x-timer': 'S1430594137.713074,VS0,VE128',
651 silly registry.get     vary: 'Accept' } ]
652 verbose etag https://registry.npmjs.org/rss from cache
653 silly lockFile 0e808a02-rss-1-1-1 rss@1.1.1
654 silly lockFile 0e808a02-rss-1-1-1 rss@1.1.1
655 http 304 https://registry.npmjs.org/sqlite3
656 silly registry.get cb [ 304,
656 silly registry.get   { date: 'Sat, 02 May 2015 19:15:37 GMT',
656 silly registry.get     via: '1.1 varnish',
656 silly registry.get     'cache-control': 'max-age=60',
656 silly registry.get     etag: '"2KRU94CUOAYV109J9AZYVZP7E"',
656 silly registry.get     age: '0',
656 silly registry.get     connection: 'keep-alive',
656 silly registry.get     'x-served-by': 'cache-ord1727-ORD',
656 silly registry.get     'x-cache': 'MISS',
656 silly registry.get     'x-cache-hits': '0',
656 silly registry.get     'x-timer': 'S1430594137.790031,VS0,VE65',
656 silly registry.get     vary: 'Accept' } ]
657 verbose etag https://registry.npmjs.org/sqlite3 from cache
658 http 304 https://registry.npmjs.org/showdown-ghost
659 silly registry.get cb [ 304,
659 silly registry.get   { date: 'Sat, 02 May 2015 19:15:37 GMT',
659 silly registry.get     via: '1.1 varnish',
659 silly registry.get     'cache-control': 'max-age=60',
659 silly registry.get     etag: '"1RQQLT83EQWAIGBVWAUMP7SV9"',
659 silly registry.get     age: '0',
659 silly registry.get     connection: 'keep-alive',
659 silly registry.get     'x-served-by': 'cache-ord1731-ORD',
659 silly registry.get     'x-cache': 'MISS',
659 silly registry.get     'x-cache-hits': '0',
659 silly registry.get     'x-timer': 'S1430594137.790091,VS0,VE70',
659 silly registry.get     vary: 'Accept' } ]
660 verbose etag https://registry.npmjs.org/showdown-ghost from cache
661 silly lockFile 04db0617-sqlite3-3-0-5 sqlite3@3.0.5
662 silly lockFile 04db0617-sqlite3-3-0-5 sqlite3@3.0.5
663 silly lockFile 6b6d99cc-showdown-ghost-0-3-6 showdown-ghost@0.3.6
664 silly lockFile 6b6d99cc-showdown-ghost-0-3-6 showdown-ghost@0.3.6
665 http 304 https://registry.npmjs.org/path-match
666 silly registry.get cb [ 304,
666 silly registry.get   { date: 'Sat, 02 May 2015 19:15:37 GMT',
666 silly registry.get     via: '1.1 varnish',
666 silly registry.get     'last-modified': 'Sat, 02 May 2015 19:15:37 GMT',
666 silly registry.get     'cache-control': 'max-age=60',
666 silly registry.get     etag: '"3EIWY3GQV1VL9RZZ10MVMJQT4"',
666 silly registry.get     age: '0',
666 silly registry.get     connection: 'keep-alive',
666 silly registry.get     'x-served-by': 'cache-ord1723-ORD',
666 silly registry.get     'x-cache': 'MISS',
666 silly registry.get     'x-cache-hits': '0',
666 silly registry.get     'x-timer': 'S1430594137.651718,VS0,VE273',
666 silly registry.get     vary: 'Accept' } ]
667 verbose etag https://registry.npmjs.org/path-match from cache
668 silly lockFile 3b11cb21-path-match-1-2-2 path-match@1.2.2
669 silly lockFile 3b11cb21-path-match-1-2-2 path-match@1.2.2
670 http 304 https://registry.npmjs.org/xml
671 silly registry.get cb [ 304,
671 silly registry.get   { date: 'Sat, 02 May 2015 19:15:37 GMT',
671 silly registry.get     via: '1.1 varnish',
671 silly registry.get     'last-modified': 'Sat, 02 May 2015 19:15:37 GMT',
671 silly registry.get     'cache-control': 'max-age=60',
671 silly registry.get     etag: '"F31FWZMG7FZCIC09T3JQ1WYPU"',
671 silly registry.get     age: '0',
671 silly registry.get     connection: 'keep-alive',
671 silly registry.get     'x-served-by': 'cache-ord1721-ORD',
671 silly registry.get     'x-cache': 'MISS',
671 silly registry.get     'x-cache-hits': '0',
671 silly registry.get     'x-timer': 'S1430594137.882366,VS0,VE66',
671 silly registry.get     vary: 'Accept' } ]
672 verbose etag https://registry.npmjs.org/xml from cache
673 http 304 https://registry.npmjs.org/validator
674 silly registry.get cb [ 304,
674 silly registry.get   { date: 'Sat, 02 May 2015 19:15:37 GMT',
674 silly registry.get     via: '1.1 varnish',
674 silly registry.get     'last-modified': 'Sat, 02 May 2015 19:15:37 GMT',
674 silly registry.get     'cache-control': 'max-age=60',
674 silly registry.get     etag: '"DRDQF59Z9IQJ7GO2PYU3T9M1J"',
674 silly registry.get     age: '0',
674 silly registry.get     connection: 'keep-alive',
674 silly registry.get     'x-served-by': 'cache-ord1735-ORD',
674 silly registry.get     'x-cache': 'HIT',
674 silly registry.get     'x-cache-hits': '1',
674 silly registry.get     'x-timer': 'S1430594137.795229,VS0,VE157',
674 silly registry.get     vary: 'Accept' } ]
675 verbose etag https://registry.npmjs.org/validator from cache
676 silly lockFile d432028e-xml-1-0-0 xml@1.0.0
677 silly lockFile d432028e-xml-1-0-0 xml@1.0.0
678 silly lockFile ebf17a3f-validator-3-28-0 validator@3.28.0
679 silly lockFile ebf17a3f-validator-3-28-0 validator@3.28.0
680 http 304 https://registry.npmjs.org/pg
681 silly registry.get cb [ 304,
681 silly registry.get   { date: 'Sat, 02 May 2015 19:15:37 GMT',
681 silly registry.get     via: '1.1 varnish',
681 silly registry.get     'cache-control': 'max-age=60',
681 silly registry.get     etag: '"1TCS8DGUNRSTGS01HTOJVW4NW"',
681 silly registry.get     age: '0',
681 silly registry.get     connection: 'keep-alive',
681 silly registry.get     'x-served-by': 'cache-ord1727-ORD',
681 silly registry.get     'x-cache': 'HIT',
681 silly registry.get     'x-cache-hits': '1',
681 silly registry.get     'x-timer': 'S1430594137.928309,VS0,VE39',
681 silly registry.get     vary: 'Accept' } ]
682 verbose etag https://registry.npmjs.org/pg from cache
683 silly lockFile 98ab5e52-pg-4-1-1 pg@4.1.1
684 silly lockFile 98ab5e52-pg-4-1-1 pg@4.1.1
685 http 304 https://registry.npmjs.org/bluebird
686 silly registry.get cb [ 304,
686 silly registry.get   { date: 'Sat, 02 May 2015 19:15:37 GMT',
686 silly registry.get     via: '1.1 varnish',
686 silly registry.get     'last-modified': 'Sat, 02 May 2015 19:15:17 GMT',
686 silly registry.get     'cache-control': 'max-age=60',
686 silly registry.get     etag: '"EOCHEYA80BAKG8BZLDLWBA60T"',
686 silly registry.get     age: '60',
686 silly registry.get     connection: 'keep-alive',
686 silly registry.get     'x-served-by': 'cache-ord1723-ORD',
686 silly registry.get     'x-cache': 'HIT',
686 silly registry.get     'x-cache-hits': '2',
686 silly registry.get     'x-timer': 'S1430594137.998875,VS0,VE0',
686 silly registry.get     vary: 'Accept' } ]
687 verbose etag https://registry.npmjs.org/bluebird from cache
688 http 304 https://registry.npmjs.org/body-parser
689 silly registry.get cb [ 304,
689 silly registry.get   { date: 'Sat, 02 May 2015 19:15:38 GMT',
689 silly registry.get     via: '1.1 varnish',
689 silly registry.get     'last-modified': 'Sat, 02 May 2015 19:15:38 GMT',
689 silly registry.get     'cache-control': 'max-age=60',
689 silly registry.get     etag: '"5A6LIVB4AQD6Z29RNKZ5JD8ZY"',
689 silly registry.get     age: '3',
689 silly registry.get     connection: 'keep-alive',
689 silly registry.get     'x-served-by': 'cache-ord1721-ORD',
689 silly registry.get     'x-cache': 'HIT',
689 silly registry.get     'x-cache-hits': '1',
689 silly registry.get     'x-timer': 'S1430594138.004068,VS0,VE0',
689 silly registry.get     vary: 'Accept' } ]
690 verbose etag https://registry.npmjs.org/body-parser from cache
691 silly lockFile 972bec80-bluebird-2-4-2 bluebird@2.4.2
692 silly lockFile 972bec80-bluebird-2-4-2 bluebird@2.4.2
693 silly lockFile 17c720c0-body-parser-1-10-0 body-parser@1.10.0
694 silly lockFile 17c720c0-body-parser-1-10-0 body-parser@1.10.0
695 http 304 https://registry.npmjs.org/compression
696 silly registry.get cb [ 304,
696 silly registry.get   { date: 'Sat, 02 May 2015 19:15:38 GMT',
696 silly registry.get     via: '1.1 varnish',
696 silly registry.get     'last-modified': 'Sat, 02 May 2015 19:15:38 GMT',
696 silly registry.get     'cache-control': 'max-age=60',
696 silly registry.get     etag: '"74F9YH39TZLEKX7DLHCTEQIQF"',
696 silly registry.get     age: '3',
696 silly registry.get     connection: 'keep-alive',
696 silly registry.get     'x-served-by': 'cache-ord1721-ORD',
696 silly registry.get     'x-cache': 'HIT',
696 silly registry.get     'x-cache-hits': '1',
696 silly registry.get     'x-timer': 'S1430594138.048715,VS0,VE0',
696 silly registry.get     vary: 'Accept' } ]
697 verbose etag https://registry.npmjs.org/compression from cache
698 silly lockFile efd994ee-compression-1-2-2 compression@1.2.2
699 silly lockFile efd994ee-compression-1-2-2 compression@1.2.2
700 http 304 https://registry.npmjs.org/bcryptjs
701 silly registry.get cb [ 304,
701 silly registry.get   { date: 'Sat, 02 May 2015 19:15:37 GMT',
701 silly registry.get     via: '1.1 varnish',
701 silly registry.get     'cache-control': 'max-age=60',
701 silly registry.get     etag: '"68O0UZWURFQ5AJBPYCUOR5D3O"',
701 silly registry.get     age: '0',
701 silly registry.get     connection: 'keep-alive',
701 silly registry.get     'x-served-by': 'cache-ord1731-ORD',
701 silly registry.get     'x-cache': 'MISS',
701 silly registry.get     'x-cache-hits': '0',
701 silly registry.get     'x-timer': 'S1430594137.935616,VS0,VE130',
701 silly registry.get     vary: 'Accept' } ]
702 verbose etag https://registry.npmjs.org/bcryptjs from cache
703 silly lockFile bf657624-bcryptjs-2-0-2 bcryptjs@2.0.2
704 silly lockFile bf657624-bcryptjs-2-0-2 bcryptjs@2.0.2
705 http 304 https://registry.npmjs.org/cheerio
706 silly registry.get cb [ 304,
706 silly registry.get   { date: 'Sat, 02 May 2015 19:15:38 GMT',
706 silly registry.get     via: '1.1 varnish',
706 silly registry.get     'last-modified': 'Sat, 02 May 2015 19:15:38 GMT',
706 silly registry.get     'cache-control': 'max-age=60',
706 silly registry.get     etag: '"AMBPTZJEB6IL1LJ3JB79COAYG"',
706 silly registry.get     age: '0',
706 silly registry.get     connection: 'keep-alive',
706 silly registry.get     'x-served-by': 'cache-ord1723-ORD',
706 silly registry.get     'x-cache': 'HIT',
706 silly registry.get     'x-cache-hits': '1',
706 silly registry.get     'x-timer': 'S1430594138.033922,VS0,VE67',
706 silly registry.get     vary: 'Accept' } ]
707 verbose etag https://registry.npmjs.org/cheerio from cache
708 silly lockFile 6b7368ff-cheerio-0-18-0 cheerio@0.18.0
709 silly lockFile 6b7368ff-cheerio-0-18-0 cheerio@0.18.0
710 http 304 https://registry.npmjs.org/bookshelf
711 silly registry.get cb [ 304,
711 silly registry.get   { date: 'Sat, 02 May 2015 19:15:38 GMT',
711 silly registry.get     via: '1.1 varnish',
711 silly registry.get     'last-modified': 'Sat, 02 May 2015 19:15:38 GMT',
711 silly registry.get     'cache-control': 'max-age=60',
711 silly registry.get     etag: '"80LQ9X3RRWR52DV93LCYV5RAB"',
711 silly registry.get     age: '0',
711 silly registry.get     connection: 'keep-alive',
711 silly registry.get     'x-served-by': 'cache-ord1735-ORD',
711 silly registry.get     'x-cache': 'MISS',
711 silly registry.get     'x-cache-hits': '0',
711 silly registry.get     'x-timer': 'S1430594138.003139,VS0,VE140',
711 silly registry.get     vary: 'Accept' } ]
712 verbose etag https://registry.npmjs.org/bookshelf from cache
713 silly lockFile 749b55e6-bookshelf-0-7-9 bookshelf@0.7.9
714 silly lockFile 749b55e6-bookshelf-0-7-9 bookshelf@0.7.9
715 http 304 https://registry.npmjs.org/connect-slashes
716 silly registry.get cb [ 304,
716 silly registry.get   { date: 'Sat, 02 May 2015 19:15:38 GMT',
716 silly registry.get     via: '1.1 varnish',
716 silly registry.get     'last-modified': 'Sat, 02 May 2015 19:15:38 GMT',
716 silly registry.get     'cache-control': 'max-age=60',
716 silly registry.get     etag: '"8YRM6AE4TCTDGZYZPCJBO9LHM"',
716 silly registry.get     age: '0',
716 silly registry.get     connection: 'keep-alive',
716 silly registry.get     'x-served-by': 'cache-ord1721-ORD',
716 silly registry.get     'x-cache': 'HIT',
716 silly registry.get     'x-cache-hits': '1',
716 silly registry.get     'x-timer': 'S1430594138.100937,VS0,VE66',
716 silly registry.get     vary: 'Accept' } ]
717 verbose etag https://registry.npmjs.org/connect-slashes from cache
718 http 304 https://registry.npmjs.org/busboy
719 silly registry.get cb [ 304,
719 silly registry.get   { date: 'Sat, 02 May 2015 19:15:38 GMT',
719 silly registry.get     via: '1.1 varnish',
719 silly registry.get     'cache-control': 'max-age=60',
719 silly registry.get     etag: '"3GCW0TFYB1KHQT9RCYORFHK68"',
719 silly registry.get     age: '0',
719 silly registry.get     connection: 'keep-alive',
719 silly registry.get     'x-served-by': 'cache-ord1727-ORD',
719 silly registry.get     'x-cache': 'HIT',
719 silly registry.get     'x-cache-hits': '1',
719 silly registry.get     'x-timer': 'S1430594138.008385,VS0,VE158',
719 silly registry.get     vary: 'Accept' } ]
720 verbose etag https://registry.npmjs.org/busboy from cache
721 silly lockFile a93bea38-connect-slashes-1-3-0 connect-slashes@1.3.0
722 silly lockFile a93bea38-connect-slashes-1-3-0 connect-slashes@1.3.0
723 silly lockFile 23093d06-busboy-0-2-9 busboy@0.2.9
724 silly lockFile 23093d06-busboy-0-2-9 busboy@0.2.9
725 http 304 https://registry.npmjs.org/downsize
726 silly registry.get cb [ 304,
726 silly registry.get   { date: 'Sat, 02 May 2015 19:15:38 GMT',
726 silly registry.get     via: '1.1 varnish',
726 silly registry.get     'cache-control': 'max-age=60',
726 silly registry.get     etag: '"1YY7GKAY407MRPMJW89KQEOXB"',
726 silly registry.get     age: '0',
726 silly registry.get     connection: 'keep-alive',
726 silly registry.get     'x-served-by': 'cache-ord1731-ORD',
726 silly registry.get     'x-cache': 'MISS',
726 silly registry.get     'x-cache-hits': '0',
726 silly registry.get     'x-timer': 'S1430594138.171994,VS0,VE71',
726 silly registry.get     vary: 'Accept' } ]
727 verbose etag https://registry.npmjs.org/downsize from cache
728 http 304 https://registry.npmjs.org/express
729 silly registry.get cb [ 304,
729 silly registry.get   { date: 'Sat, 02 May 2015 19:15:38 GMT',
729 silly registry.get     via: '1.1 varnish',
729 silly registry.get     'last-modified': 'Sat, 02 May 2015 19:15:38 GMT',
729 silly registry.get     'cache-control': 'max-age=60',
729 silly registry.get     etag: '"I02KNE978RHTA28SXSDY7XKT"',
729 silly registry.get     age: '0',
729 silly registry.get     connection: 'keep-alive',
729 silly registry.get     'x-served-by': 'cache-ord1723-ORD',
729 silly registry.get     'x-cache': 'HIT',
729 silly registry.get     'x-cache-hits': '1',
729 silly registry.get     'x-timer': 'S1430594138.181781,VS0,VE68',
729 silly registry.get     vary: 'Accept' } ]
730 verbose etag https://registry.npmjs.org/express from cache
731 http 304 https://registry.npmjs.org/express-hbs
732 silly registry.get cb [ 304,
732 silly registry.get   { date: 'Sat, 02 May 2015 19:15:38 GMT',
732 silly registry.get     via: '1.1 varnish',
732 silly registry.get     'last-modified': 'Sat, 02 May 2015 19:15:38 GMT',
732 silly registry.get     'cache-control': 'max-age=60',
732 silly registry.get     etag: '"6IRAN2VF0MYZDR8E6ULLXQELR"',
732 silly registry.get     age: '0',
732 silly registry.get     connection: 'keep-alive',
732 silly registry.get     'x-served-by': 'cache-ord1735-ORD',
732 silly registry.get     'x-cache': 'MISS',
732 silly registry.get     'x-cache-hits': '0',
732 silly registry.get     'x-timer': 'S1430594138.187192,VS0,VE77',
732 silly registry.get     vary: 'Accept' } ]
733 verbose etag https://registry.npmjs.org/express-hbs from cache
734 silly lockFile 7e4464a3-downsize-0-0-8 downsize@0.0.8
735 silly lockFile 7e4464a3-downsize-0-0-8 downsize@0.0.8
736 silly lockFile 334bb224-express-4-12-0 express@4.12.0
737 silly lockFile 334bb224-express-4-12-0 express@4.12.0
738 silly lockFile aae70686-express-hbs-0-8-4 express-hbs@0.8.4
739 silly lockFile aae70686-express-hbs-0-8-4 express-hbs@0.8.4
740 error Error: EACCES, mkdir '/home/vagrant/.npm/glob/4.3.2'
740 error  { [Error: EACCES, mkdir '/home/vagrant/.npm/glob/4.3.2']
740 error   errno: 3,
740 error   code: 'EACCES',
740 error   path: '/home/vagrant/.npm/glob/4.3.2',
740 error   parent: 'ghost' }
741 error Please try running this command again as root/Administrator.
742 error System Linux 3.13.0-46-generic
743 error command "/usr/bin/node" "/usr/bin/npm" "install" "--production"
744 error cwd /home/vagrant/krcle
745 error node -v v0.10.38
746 error npm -v 1.4.28
747 error path /home/vagrant/.npm/glob/4.3.2
748 error code EACCES
749 error errno 3
750 error stack Error: EACCES, mkdir '/home/vagrant/.npm/glob/4.3.2'
751 verbose exit [ 3, true ]
